#
# There is insufficient memory for the Java Runtime Environment to continue.
# Native memory allocation (malloc) failed to allocate 962416 bytes for Chunk::new
# Possible reasons:
#   The system is out of physical RAM or swap space
#   The process is running with CompressedOops enabled, and the Java Heap may be blocking the growth of the native heap
# Possible solutions:
#   Reduce memory load on the system
#   Increase physical memory or swap space
#   Check if swap backing store is full
#   Decrease Java heap size (-Xmx/-Xms)
#   Decrease number of Java threads
#   Decrease Java thread stack sizes (-Xss)
#   Set larger code cache with -XX:ReservedCodeCacheSize=
#   JVM is running with Unscaled Compressed Oops mode in which the Java heap is
#     placed in the first 4GB address space. The Java Heap base address is the
#     maximum limit for the native heap growth. Please use -XX:HeapBaseMinAddress
#     to set the Java Heap base and to place the Java Heap above 4GB virtual address.
# This output file may be truncated or incomplete.
#
#  Out of Memory Error (./src/hotspot/share/memory/arena.cpp:197), pid=11172, tid=11992
#
# JRE version: OpenJDK Runtime Environment (11.0.10) (build 11.0.10+0-b96-7249189)
# Java VM: OpenJDK 64-Bit Server VM (11.0.10+0-b96-7249189, mixed mode, tiered, compressed oops, g1 gc, windows-amd64)
# No core dump will be written. Minidumps are not enabled by default on client versions of Windows
#

---------------  S U M M A R Y ------------

Command Line: --add-opens=java.base/java.util=ALL-UNNAMED --add-opens=java.base/java.lang=ALL-UNNAMED --add-opens=java.base/java.lang.invoke=ALL-UNNAMED --add-opens=java.prefs/java.util.prefs=ALL-UNNAMED -Xmx2048m -Dfile.encoding=UTF-8 -Duser.country=KR -Duser.language=ko -Duser.variant org.gradle.launcher.daemon.bootstrap.GradleDaemon 6.7.1

Host: Intel(R) Core(TM) i5-9400F CPU @ 2.90GHz, 6 cores, 15G,  Windows 10 , 64 bit Build 19041 (10.0.19041.1741)
Time: Tue Jul 12 15:28:10 2022 대한민국 표준시 elapsed time: 483.550196 seconds (0d 0h 8m 3s)

---------------  T H R E A D  ---------------

Current thread (0x0000027153900800):  JavaThread "C2 CompilerThread1" daemon [_thread_in_native, id=11992, stack(0x000000b95b800000,0x000000b95b900000)]


Current CompileTask:
C2: 483550 14995       4       com.sun.org.apache.xerces.internal.impl.XMLNSDocumentScannerImpl::scanStartElement (1026 bytes)

Stack: [0x000000b95b800000,0x000000b95b900000]
Native frames: (J=compiled Java code, j=interpreted, Vv=VM code, C=native code)
V  [jvm.dll+0x5ecfaa]
V  [jvm.dll+0x722bd5]
V  [jvm.dll+0x72412d]
V  [jvm.dll+0x7247e3]
V  [jvm.dll+0x242928]
V  [jvm.dll+0xbc4fc]
V  [jvm.dll+0xbca0c]
V  [jvm.dll+0x352d3b]
V  [jvm.dll+0x19800c]
V  [jvm.dll+0x1fb70e]
V  [jvm.dll+0x1fa7f4]
V  [jvm.dll+0x18354c]
V  [jvm.dll+0x208ee7]
V  [jvm.dll+0x207731]
V  [jvm.dll+0x6eb1cf]
V  [jvm.dll+0x6e3d45]
V  [jvm.dll+0x5ebe96]
C  [ucrtbase.dll+0x21bb2]
C  [KERNEL32.DLL+0x17034]
C  [ntdll.dll+0x52651]


---------------  P R O C E S S  ---------------

Threads class SMR info:
_java_thread_list=0x0000027152699a30, length=137, elements={
0x000002713154b800, 0x000002714bdf2800, 0x000002714bdf5800, 0x000002714be6a800,
0x000002714be6b800, 0x000002714be6e800, 0x000002714be71800, 0x000002714be72800,
0x000002714be73800, 0x000002714bfe6000, 0x000002714ce27000, 0x000002714d712000,
0x000002714c3a4000, 0x000002714dfa5800, 0x000002714dfa6800, 0x000002714dfa7000,
0x000002714eb12800, 0x000002714eb13800, 0x00000271522d9800, 0x00000271522d6000,
0x00000271522d7000, 0x00000271522dc000, 0x00000271522da800, 0x00000271522db000,
0x00000271522dc800, 0x00000271522dd800, 0x00000271522d8000, 0x00000271522de800,
0x00000271522d8800, 0x00000271522e1800, 0x00000271522e2800, 0x00000271522e3800,
0x00000271522e0000, 0x00000271522e4000, 0x00000271522e5000, 0x00000271522e1000,
0x0000027153900800, 0x000002714eb15800, 0x000002714eb16800, 0x000002714eb11800,
0x000002714eb1b800, 0x000002714eb18000, 0x000002714eb1a800, 0x000002714eb1c800,
0x000002714eb1d000, 0x000002714eb17800, 0x000002714eb1e000, 0x000002714eb1e800,
0x000002714eb1a000, 0x000002714eb19000, 0x000002714eb1f800, 0x000002714dfa4000,
0x000002714dfa8000, 0x000002714dfa4800, 0x000002714dfa2000, 0x000002714dfa8800,
0x000002714dfa3000, 0x000002714c3e5000, 0x000002714c3e3800, 0x000002714c3e4800,
0x000002714c3e6000, 0x000002714c3e7000, 0x000002714c3e7800, 0x000002714c3e8800,
0x000002714c3e2800, 0x000002714c3ee000, 0x000002714c3eb800, 0x000002714c3ef000,
0x000002714c3ea000, 0x000002714c3ec800, 0x000002714c3ed800, 0x000002714c3eb000,
0x000002714c3e9800, 0x000002714c3f0000, 0x000002714c3f0800, 0x000002714c3f1800,
0x00000271525f8800, 0x00000271525fd800, 0x00000271525fc000, 0x00000271525f8000,
0x00000271525fa800, 0x00000271525f9800, 0x00000271525fe800, 0x00000271525fd000,
0x00000271525ff800, 0x0000027152600000, 0x00000271525fb000, 0x0000027152603800,
0x0000027152604000, 0x0000027152601000, 0x0000027152602800, 0x0000027152605000,
0x0000027152606000, 0x0000027152601800, 0x0000027152606800, 0x00000271520a7000,
0x00000271520a9000, 0x00000271520a7800, 0x00000271520a8800, 0x00000271520a6000,
0x00000271520a4800, 0x00000271520aa000, 0x00000271520a5000, 0x00000271520ab000,
0x00000271520ad800, 0x00000271520ae000, 0x00000271520ac800, 0x00000271520af800,
0x00000271520b0800, 0x00000271520af000, 0x00000271520b1800, 0x00000271520ab800,
0x00000271520b2000, 0x00000271520b3000, 0x000002714e2fb000, 0x000002714e2f6000,
0x000002714e2f8800, 0x000002714e2f5000, 0x000002714e2f9000, 0x000002714e2fb800,
0x000002714e2fa000, 0x000002714e2fc800, 0x000002714e2f6800, 0x000002714e2fd000,
0x000002714e2f7800, 0x000002714e302000, 0x000002714e2ff800, 0x000002714e300800,
0x000002714e301800, 0x000002714e2fe000, 0x000002714e303000, 0x000002714e2ff000,
0x00000271583f5800, 0x00000271583ef800, 0x00000271583f3800, 0x00000271583f3000,
0x00000271583f4800
}

Java Threads: ( => current thread )
  0x000002713154b800 JavaThread "main" [_thread_blocked, id=17600, stack(0x000000b958c00000,0x000000b958d00000)]
  0x000002714bdf2800 JavaThread "Reference Handler" daemon [_thread_blocked, id=32984, stack(0x000000b959300000,0x000000b959400000)]
  0x000002714bdf5800 JavaThread "Finalizer" daemon [_thread_blocked, id=21008, stack(0x000000b959400000,0x000000b959500000)]
  0x000002714be6a800 JavaThread "Signal Dispatcher" daemon [_thread_blocked, id=12600, stack(0x000000b959500000,0x000000b959600000)]
  0x000002714be6b800 JavaThread "Attach Listener" daemon [_thread_blocked, id=33472, stack(0x000000b959600000,0x000000b959700000)]
  0x000002714be6e800 JavaThread "Service Thread" daemon [_thread_blocked, id=3684, stack(0x000000b959700000,0x000000b959800000)]
  0x000002714be71800 JavaThread "C2 CompilerThread0" daemon [_thread_in_native, id=17520, stack(0x000000b959800000,0x000000b959900000)]
  0x000002714be72800 JavaThread "C1 CompilerThread0" daemon [_thread_blocked, id=31868, stack(0x000000b959900000,0x000000b959a00000)]
  0x000002714be73800 JavaThread "Sweeper thread" daemon [_thread_blocked, id=29220, stack(0x000000b959a00000,0x000000b959b00000)]
  0x000002714bfe6000 JavaThread "Common-Cleaner" daemon [_thread_blocked, id=23380, stack(0x000000b959b00000,0x000000b959c00000)]
  0x000002714ce27000 JavaThread "Daemon health stats" [_thread_blocked, id=27580, stack(0x000000b95a300000,0x000000b95a400000)]
  0x000002714d712000 JavaThread "Incoming local TCP Connector on port 1049" [_thread_in_native, id=31124, stack(0x000000b95a500000,0x000000b95a600000)]
  0x000002714c3a4000 JavaThread "Daemon periodic checks" [_thread_blocked, id=31032, stack(0x000000b95a600000,0x000000b95a700000)]
  0x000002714dfa5800 JavaThread "Cache worker for file hash cache (C:\Users\USER\.gradle\caches\6.7.1\fileHashes)" [_thread_blocked, id=28300, stack(0x000000b95b100000,0x000000b95b200000)]
  0x000002714dfa6800 JavaThread "File lock request listener" [_thread_in_native, id=1300, stack(0x000000b95b200000,0x000000b95b300000)]
  0x000002714dfa7000 JavaThread "Cache worker for journal cache (C:\Users\USER\.gradle\caches\journal-1)" [_thread_blocked, id=10692, stack(0x000000b95b400000,0x000000b95b500000)]
  0x000002714eb12800 JavaThread "Cache worker for execution history cache (C:\Users\USER\.gradle\caches\6.7.1\executionHistory)" [_thread_blocked, id=30740, stack(0x000000b95cd00000,0x000000b95ce00000)]
  0x000002714eb13800 JavaThread "Cache worker for file content cache (C:\Users\USER\.gradle\caches\6.7.1\fileContent)" [_thread_blocked, id=22904, stack(0x000000b95ce00000,0x000000b95cf00000)]
  0x00000271522d9800 JavaThread "Memory manager" [_thread_blocked, id=32540, stack(0x000000b962500000,0x000000b962600000)]
  0x00000271522d6000 JavaThread "pool-3-thread-1" [_thread_blocked, id=33512, stack(0x000000b962600000,0x000000b962700000)]
  0x00000271522d7000 JavaThread "Daemon Thread 2" [_thread_blocked, id=27872, stack(0x000000b958900000,0x000000b958a00000)]
  0x00000271522dc000 JavaThread "Handler for socket connection from /127.0.0.1:1049 to /127.0.0.1:30719" [_thread_in_native, id=14476, stack(0x000000b958a00000,0x000000b958b00000)]
  0x00000271522da800 JavaThread "Cancel handler" [_thread_blocked, id=19060, stack(0x000000b958b00000,0x000000b958c00000)]
  0x00000271522db000 JavaThread "Daemon worker Thread 2" [_thread_blocked, id=19776, stack(0x000000b959d00000,0x000000b959e00000)]
  0x00000271522dc800 JavaThread "Asynchronous log dispatcher for DefaultDaemonConnection: socket connection from /127.0.0.1:1049 to /127.0.0.1:30719" [_thread_blocked, id=27028, stack(0x000000b95a400000,0x000000b95a500000)]
  0x00000271522dd800 JavaThread "Stdin handler" [_thread_blocked, id=25256, stack(0x000000b95a700000,0x000000b95a800000)]
  0x00000271522d8000 JavaThread "Thread-135" [_thread_blocked, id=22684, stack(0x000000b95a800000,0x000000b95a900000)]
  0x00000271522de800 JavaThread "Cache worker for file hash cache (D:\android_projects_coll\summer-final-re-master\.gradle\6.7.1\fileHashes)" [_thread_blocked, id=30832, stack(0x000000b95ab00000,0x000000b95ac00000)]
  0x00000271522d8800 JavaThread "jar transforms Thread 100" [_thread_blocked, id=2456, stack(0x000000b95ac00000,0x000000b95ad00000)]
  0x00000271522e1800 JavaThread "jar transforms Thread 101" [_thread_blocked, id=17016, stack(0x000000b95ad00000,0x000000b95ae00000)]
  0x00000271522e2800 JavaThread "jar transforms Thread 102" [_thread_blocked, id=31648, stack(0x000000b95ae00000,0x000000b95af00000)]
  0x00000271522e3800 JavaThread "jar transforms Thread 103" [_thread_blocked, id=29476, stack(0x000000b95af00000,0x000000b95b000000)]
  0x00000271522e0000 JavaThread "jar transforms Thread 104" [_thread_blocked, id=26120, stack(0x000000b95b000000,0x000000b95b100000)]
  0x00000271522e4000 JavaThread "Cache worker for checksums cache (D:\android_projects_coll\summer-final-re-master\.gradle\checksums)" [_thread_blocked, id=28612, stack(0x000000b95b500000,0x000000b95b600000)]
  0x00000271522e5000 JavaThread "Cache worker for cache directory md-supplier (C:\Users\USER\.gradle\caches\6.7.1\md-supplier)" [_thread_blocked, id=1096, stack(0x000000b95b600000,0x000000b95b700000)]
  0x00000271522e1000 JavaThread "Cache worker for cache directory md-rule (C:\Users\USER\.gradle\caches\6.7.1\md-rule)" [_thread_blocked, id=16872, stack(0x000000b95b700000,0x000000b95b800000)]
=>0x0000027153900800 JavaThread "C2 CompilerThread1" daemon [_thread_in_native, id=11992, stack(0x000000b95b800000,0x000000b95b900000)]
  0x000002714eb15800 JavaThread "Cache worker for Build Output Cleanup Cache (D:\android_projects_coll\summer-final-re-master\.gradle\buildOutputCleanup)" [_thread_blocked, id=25984, stack(0x000000b95b900000,0x000000b95ba00000)]
  0x000002714eb16800 JavaThread "Build operations" [_thread_blocked, id=32256, stack(0x000000b95ba00000,0x000000b95bb00000)]
  0x000002714eb11800 JavaThread "Build operations Thread 2" [_thread_blocked, id=32100, stack(0x000000b95bb00000,0x000000b95bc00000)]
  0x000002714eb1b800 JavaThread "Build operations Thread 3" [_thread_blocked, id=15712, stack(0x000000b95bc00000,0x000000b95bd00000)]
  0x000002714eb18000 JavaThread "Build operations Thread 4" [_thread_blocked, id=32724, stack(0x000000b95bd00000,0x000000b95be00000)]
  0x000002714eb1a800 JavaThread "Build operations Thread 5" [_thread_blocked, id=31752, stack(0x000000b95be00000,0x000000b95bf00000)]
  0x000002714eb1c800 JavaThread "Build operations Thread 6" [_thread_blocked, id=10380, stack(0x000000b95bf00000,0x000000b95c000000)]
  0x000002714eb1d000 JavaThread "jar transforms Thread 105" [_thread_blocked, id=32820, stack(0x000000b95c000000,0x000000b95c100000)]
  0x000002714eb17800 JavaThread "jar transforms Thread 106" [_thread_blocked, id=12676, stack(0x000000b95c100000,0x000000b95c200000)]
  0x000002714eb1e000 JavaThread "jar transforms Thread 107" [_thread_blocked, id=29840, stack(0x000000b95c200000,0x000000b95c300000)]
  0x000002714eb1e800 JavaThread "jar transforms Thread 108" [_thread_blocked, id=10444, stack(0x000000b95c300000,0x000000b95c400000)]
  0x000002714eb1a000 JavaThread "jar transforms Thread 109" [_thread_blocked, id=30580, stack(0x000000b95c400000,0x000000b95c500000)]
  0x000002714eb19000 JavaThread "jar transforms Thread 110" [_thread_blocked, id=30512, stack(0x000000b95c500000,0x000000b95c600000)]
  0x000002714eb1f800 JavaThread "jar transforms Thread 111" [_thread_blocked, id=25688, stack(0x000000b95c600000,0x000000b95c700000)]
  0x000002714dfa4000 JavaThread "jar transforms Thread 112" [_thread_blocked, id=12260, stack(0x000000b95c700000,0x000000b95c800000)]
  0x000002714dfa8000 JavaThread "jar transforms Thread 113" [_thread_blocked, id=32152, stack(0x000000b95c800000,0x000000b95c900000)]
  0x000002714dfa4800 JavaThread "jar transforms Thread 114" [_thread_blocked, id=3648, stack(0x000000b95c900000,0x000000b95ca00000)]
  0x000002714dfa2000 JavaThread "jar transforms Thread 115" [_thread_blocked, id=29908, stack(0x000000b95ca00000,0x000000b95cb00000)]
  0x000002714dfa8800 JavaThread "jar transforms Thread 116" [_thread_blocked, id=31876, stack(0x000000b95cb00000,0x000000b95cc00000)]
  0x000002714dfa3000 JavaThread "jar transforms Thread 117" [_thread_blocked, id=19344, stack(0x000000b95cc00000,0x000000b95cd00000)]
  0x000002714c3e5000 JavaThread "jar transforms Thread 118" [_thread_blocked, id=2312, stack(0x000000b95cf00000,0x000000b95d000000)]
  0x000002714c3e3800 JavaThread "jar transforms Thread 119" [_thread_blocked, id=25808, stack(0x000000b95d000000,0x000000b95d100000)]
  0x000002714c3e4800 JavaThread "jar transforms Thread 120" [_thread_blocked, id=33468, stack(0x000000b95d100000,0x000000b95d200000)]
  0x000002714c3e6000 JavaThread "jar transforms Thread 121" [_thread_blocked, id=8916, stack(0x000000b95d200000,0x000000b95d300000)]
  0x000002714c3e7000 JavaThread "jar transforms Thread 122" [_thread_blocked, id=13056, stack(0x000000b95d300000,0x000000b95d400000)]
  0x000002714c3e7800 JavaThread "jar transforms Thread 123" [_thread_blocked, id=29564, stack(0x000000b95d400000,0x000000b95d500000)]
  0x000002714c3e8800 JavaThread "jar transforms Thread 124" [_thread_blocked, id=28432, stack(0x000000b95d500000,0x000000b95d600000)]
  0x000002714c3e2800 JavaThread "jar transforms Thread 125" [_thread_blocked, id=30576, stack(0x000000b95d600000,0x000000b95d700000)]
  0x000002714c3ee000 JavaThread "jar transforms Thread 126" [_thread_blocked, id=10132, stack(0x000000b95d700000,0x000000b95d800000)]
  0x000002714c3eb800 JavaThread "jar transforms Thread 127" [_thread_blocked, id=12208, stack(0x000000b95d800000,0x000000b95d900000)]
  0x000002714c3ef000 JavaThread "jar transforms Thread 128" [_thread_blocked, id=8476, stack(0x000000b95d900000,0x000000b95da00000)]
  0x000002714c3ea000 JavaThread "jar transforms Thread 129" [_thread_blocked, id=32600, stack(0x000000b95da00000,0x000000b95db00000)]
  0x000002714c3ec800 JavaThread "jar transforms Thread 130" [_thread_blocked, id=23296, stack(0x000000b95db00000,0x000000b95dc00000)]
  0x000002714c3ed800 JavaThread "jar transforms Thread 131" [_thread_blocked, id=29836, stack(0x000000b95dc00000,0x000000b95dd00000)]
  0x000002714c3eb000 JavaThread "jar transforms Thread 132" [_thread_blocked, id=33204, stack(0x000000b95dd00000,0x000000b95de00000)]
  0x000002714c3e9800 JavaThread "jar transforms Thread 133" [_thread_blocked, id=30212, stack(0x000000b95de00000,0x000000b95df00000)]
  0x000002714c3f0000 JavaThread "jar transforms Thread 134" [_thread_blocked, id=15468, stack(0x000000b95df00000,0x000000b95e000000)]
  0x000002714c3f0800 JavaThread "jar transforms Thread 135" [_thread_blocked, id=15928, stack(0x000000b95e000000,0x000000b95e100000)]
  0x000002714c3f1800 JavaThread "jar transforms Thread 136" [_thread_blocked, id=24080, stack(0x000000b95e100000,0x000000b95e200000)]
  0x00000271525f8800 JavaThread "jar transforms Thread 137" [_thread_blocked, id=32436, stack(0x000000b95e200000,0x000000b95e300000)]
  0x00000271525fd800 JavaThread "jar transforms Thread 138" [_thread_blocked, id=25020, stack(0x000000b95e300000,0x000000b95e400000)]
  0x00000271525fc000 JavaThread "jar transforms Thread 139" [_thread_blocked, id=15116, stack(0x000000b95e400000,0x000000b95e500000)]
  0x00000271525f8000 JavaThread "jar transforms Thread 140" [_thread_blocked, id=33256, stack(0x000000b95e500000,0x000000b95e600000)]
  0x00000271525fa800 JavaThread "jar transforms Thread 141" [_thread_blocked, id=1020, stack(0x000000b95e600000,0x000000b95e700000)]
  0x00000271525f9800 JavaThread "jar transforms Thread 142" [_thread_blocked, id=32920, stack(0x000000b95e700000,0x000000b95e800000)]
  0x00000271525fe800 JavaThread "jar transforms Thread 143" [_thread_blocked, id=16180, stack(0x000000b95e800000,0x000000b95e900000)]
  0x00000271525fd000 JavaThread "jar transforms Thread 144" [_thread_blocked, id=15960, stack(0x000000b95e900000,0x000000b95ea00000)]
  0x00000271525ff800 JavaThread "jar transforms Thread 145" [_thread_blocked, id=32224, stack(0x000000b95ea00000,0x000000b95eb00000)]
  0x0000027152600000 JavaThread "jar transforms Thread 146" [_thread_blocked, id=14984, stack(0x000000b95eb00000,0x000000b95ec00000)]
  0x00000271525fb000 JavaThread "jar transforms Thread 147" [_thread_blocked, id=26908, stack(0x000000b95ec00000,0x000000b95ed00000)]
  0x0000027152603800 JavaThread "jar transforms Thread 148" [_thread_blocked, id=30068, stack(0x000000b95ed00000,0x000000b95ee00000)]
  0x0000027152604000 JavaThread "jar transforms Thread 149" [_thread_blocked, id=28504, stack(0x000000b95ee00000,0x000000b95ef00000)]
  0x0000027152601000 JavaThread "jar transforms Thread 150" [_thread_blocked, id=12240, stack(0x000000b95ef00000,0x000000b95f000000)]
  0x0000027152602800 JavaThread "jar transforms Thread 151" [_thread_blocked, id=26032, stack(0x000000b95f000000,0x000000b95f100000)]
  0x0000027152605000 JavaThread "jar transforms Thread 152" [_thread_blocked, id=32824, stack(0x000000b95f100000,0x000000b95f200000)]
  0x0000027152606000 JavaThread "jar transforms Thread 153" [_thread_blocked, id=33128, stack(0x000000b95f200000,0x000000b95f300000)]
  0x0000027152601800 JavaThread "jar transforms Thread 154" [_thread_blocked, id=27256, stack(0x000000b95f300000,0x000000b95f400000)]
  0x0000027152606800 JavaThread "jar transforms Thread 155" [_thread_blocked, id=16696, stack(0x000000b95f400000,0x000000b95f500000)]
  0x00000271520a7000 JavaThread "jar transforms Thread 156" [_thread_blocked, id=33196, stack(0x000000b95f500000,0x000000b95f600000)]
  0x00000271520a9000 JavaThread "jar transforms Thread 157" [_thread_blocked, id=24764, stack(0x000000b95f600000,0x000000b95f700000)]
  0x00000271520a7800 JavaThread "jar transforms Thread 158" [_thread_blocked, id=23356, stack(0x000000b95f700000,0x000000b95f800000)]
  0x00000271520a8800 JavaThread "jar transforms Thread 159" [_thread_blocked, id=25284, stack(0x000000b95f800000,0x000000b95f900000)]
  0x00000271520a6000 JavaThread "jar transforms Thread 160" [_thread_blocked, id=14224, stack(0x000000b95f900000,0x000000b95fa00000)]
  0x00000271520a4800 JavaThread "jar transforms Thread 161" [_thread_blocked, id=20548, stack(0x000000b95fa00000,0x000000b95fb00000)]
  0x00000271520aa000 JavaThread "jar transforms Thread 162" [_thread_blocked, id=32528, stack(0x000000b95fb00000,0x000000b95fc00000)]
  0x00000271520a5000 JavaThread "jar transforms Thread 163" [_thread_blocked, id=30236, stack(0x000000b95fc00000,0x000000b95fd00000)]
  0x00000271520ab000 JavaThread "jar transforms Thread 164" [_thread_blocked, id=236, stack(0x000000b95fd00000,0x000000b95fe00000)]
  0x00000271520ad800 JavaThread "jar transforms Thread 165" [_thread_blocked, id=712, stack(0x000000b95fe00000,0x000000b95ff00000)]
  0x00000271520ae000 JavaThread "jar transforms Thread 166" [_thread_blocked, id=11820, stack(0x000000b95ff00000,0x000000b960000000)]
  0x00000271520ac800 JavaThread "jar transforms Thread 167" [_thread_blocked, id=1812, stack(0x000000b960000000,0x000000b960100000)]
  0x00000271520af800 JavaThread "jar transforms Thread 168" [_thread_blocked, id=8088, stack(0x000000b960100000,0x000000b960200000)]
  0x00000271520b0800 JavaThread "jar transforms Thread 169" [_thread_blocked, id=22084, stack(0x000000b960200000,0x000000b960300000)]
  0x00000271520af000 JavaThread "jar transforms Thread 170" [_thread_blocked, id=32404, stack(0x000000b960300000,0x000000b960400000)]
  0x00000271520b1800 JavaThread "jar transforms Thread 171" [_thread_blocked, id=21112, stack(0x000000b960400000,0x000000b960500000)]
  0x00000271520ab800 JavaThread "jar transforms Thread 172" [_thread_blocked, id=14572, stack(0x000000b960500000,0x000000b960600000)]
  0x00000271520b2000 JavaThread "jar transforms Thread 173" [_thread_blocked, id=33464, stack(0x000000b960600000,0x000000b960700000)]
  0x00000271520b3000 JavaThread "jar transforms Thread 174" [_thread_blocked, id=13860, stack(0x000000b960700000,0x000000b960800000)]
  0x000002714e2fb000 JavaThread "jar transforms Thread 175" [_thread_blocked, id=18760, stack(0x000000b960800000,0x000000b960900000)]
  0x000002714e2f6000 JavaThread "jar transforms Thread 176" [_thread_blocked, id=18548, stack(0x000000b960900000,0x000000b960a00000)]
  0x000002714e2f8800 JavaThread "jar transforms Thread 177" [_thread_blocked, id=29980, stack(0x000000b960a00000,0x000000b960b00000)]
  0x000002714e2f5000 JavaThread "jar transforms Thread 178" [_thread_blocked, id=27944, stack(0x000000b960b00000,0x000000b960c00000)]
  0x000002714e2f9000 JavaThread "jar transforms Thread 179" [_thread_blocked, id=14172, stack(0x000000b960c00000,0x000000b960d00000)]
  0x000002714e2fb800 JavaThread "jar transforms Thread 180" [_thread_blocked, id=32960, stack(0x000000b960d00000,0x000000b960e00000)]
  0x000002714e2fa000 JavaThread "jar transforms Thread 181" [_thread_blocked, id=5016, stack(0x000000b960e00000,0x000000b960f00000)]
  0x000002714e2fc800 JavaThread "jar transforms Thread 182" [_thread_blocked, id=3192, stack(0x000000b960f00000,0x000000b961000000)]
  0x000002714e2f6800 JavaThread "jar transforms Thread 183" [_thread_blocked, id=22100, stack(0x000000b961000000,0x000000b961100000)]
  0x000002714e2fd000 JavaThread "jar transforms Thread 184" [_thread_blocked, id=27660, stack(0x000000b961100000,0x000000b961200000)]
  0x000002714e2f7800 JavaThread "jar transforms Thread 185" [_thread_blocked, id=2040, stack(0x000000b961200000,0x000000b961300000)]
  0x000002714e302000 JavaThread "jar transforms Thread 186" [_thread_blocked, id=22664, stack(0x000000b961300000,0x000000b961400000)]
  0x000002714e2ff800 JavaThread "jar transforms Thread 187" [_thread_blocked, id=26992, stack(0x000000b961400000,0x000000b961500000)]
  0x000002714e300800 JavaThread "jar transforms Thread 188" [_thread_blocked, id=4404, stack(0x000000b961500000,0x000000b961600000)]
  0x000002714e301800 JavaThread "jar transforms Thread 189" [_thread_blocked, id=29556, stack(0x000000b961600000,0x000000b961700000)]
  0x000002714e2fe000 JavaThread "pool-4-thread-1" [_thread_blocked, id=9652, stack(0x000000b961700000,0x000000b961800000)]
  0x000002714e303000 JavaThread "Execution worker for ':'" [_thread_blocked, id=21052, stack(0x000000b961800000,0x000000b961900000)]
  0x000002714e2ff000 JavaThread "Execution worker for ':' Thread 2" [_thread_blocked, id=24276, stack(0x000000b961900000,0x000000b961a00000)]
  0x00000271583f5800 JavaThread "Execution worker for ':' Thread 3" [_thread_blocked, id=31864, stack(0x000000b961a00000,0x000000b961b00000)]
  0x00000271583ef800 JavaThread "Execution worker for ':' Thread 4" [_thread_in_native, id=32324, stack(0x000000b961b00000,0x000000b961c00000)]
  0x00000271583f3800 JavaThread "Execution worker for ':' Thread 5" [_thread_blocked, id=14092, stack(0x000000b961c00000,0x000000b961d00000)]
  0x00000271583f3000 JavaThread "Cache worker for execution history cache (D:\android_projects_coll\summer-final-re-master\.gradle\6.7.1\executionHistory)" [_thread_blocked, id=31560, stack(0x000000b961d00000,0x000000b961e00000)]
  0x00000271583f4800 JavaThread "WorkerExecutor Queue" [_thread_blocked, id=21712, stack(0x000000b961e00000,0x000000b961f00000)]

Other Threads:
  0x000002714bdf0800 VMThread "VM Thread" [stack: 0x000000b959200000,0x000000b959300000] [id=32636]
  0x000002714c01b000 WatcherThread [stack: 0x000000b959c00000,0x000000b959d00000] [id=18540]
  0x0000027131563000 GCTaskThread "GC Thread#0" [stack: 0x000000b958d00000,0x000000b958e00000] [id=13800]
  0x000002714cc0a800 GCTaskThread "GC Thread#1" [stack: 0x000000b959e00000,0x000000b959f00000] [id=32612]
  0x000002714cc0b000 GCTaskThread "GC Thread#2" [stack: 0x000000b959f00000,0x000000b95a000000] [id=22432]
  0x000002714cb57800 GCTaskThread "GC Thread#3" [stack: 0x000000b95a000000,0x000000b95a100000] [id=23220]
  0x000002714cb8c000 GCTaskThread "GC Thread#4" [stack: 0x000000b95a100000,0x000000b95a200000] [id=27576]
  0x000002714cb8d800 GCTaskThread "GC Thread#5" [stack: 0x000000b95a200000,0x000000b95a300000] [id=13252]
  0x0000027131595000 ConcurrentGCThread "G1 Main Marker" [stack: 0x000000b958e00000,0x000000b958f00000] [id=20968]
  0x0000027131597000 ConcurrentGCThread "G1 Conc#0" [stack: 0x000000b958f00000,0x000000b959000000] [id=32948]
  0x000002714e08f000 ConcurrentGCThread "G1 Conc#1" [stack: 0x000000b95b300000,0x000000b95b400000] [id=24684]
  0x000002714b43c800 ConcurrentGCThread "G1 Refine#0" [stack: 0x000000b959000000,0x000000b959100000] [id=15496]
  0x000002714cb1c000 ConcurrentGCThread "G1 Refine#1" [stack: 0x000000b95a900000,0x000000b95aa00000] [id=19368]
  0x000002714cb0c800 ConcurrentGCThread "G1 Refine#2" [stack: 0x000000b95aa00000,0x000000b95ab00000] [id=15476]
  0x000002714b43f800 ConcurrentGCThread "G1 Young RemSet Sampling" [stack: 0x000000b959100000,0x000000b959200000] [id=16916]

Threads with active compile tasks:
C2 CompilerThread0 483613 14993   !   4       com.android.utils.PositionXmlParser$DomBuilder::startElement (272 bytes)
C2 CompilerThread1 483613 14995       4       com.sun.org.apache.xerces.internal.impl.XMLNSDocumentScannerImpl::scanStartElement (1026 bytes)

VM state:not at safepoint (normal execution)

VM Mutex/Monitor currently owned by a thread: None

Heap address: 0x0000000080000000, size: 2048 MB, Compressed Oops mode: 32-bit
Narrow klass base: 0x0000000000000000, Narrow klass shift: 3
Compressed class space size: 1073741824 Address: 0x0000000100000000

Heap:
 garbage-first heap   total 262144K, used 168861K [0x0000000080000000, 0x0000000100000000)
  region size 1024K, 30 young (30720K), 11 survivors (11264K)
 Metaspace       used 125877K, capacity 129446K, committed 129996K, reserved 1163264K
  class space    used 15952K, capacity 17235K, committed 17432K, reserved 1048576K
Heap Regions: E=young(eden), S=young(survivor), O=old, HS=humongous(starts), HC=humongous(continues), CS=collection set, F=free, A=archive, TAMS=top-at-mark-start (previous, next)
|   0|0x0000000080000000, 0x0000000080100000, 0x0000000080100000|100%| O|  |TAMS 0x0000000080100000, 0x0000000080000000| Untracked 
|   1|0x0000000080100000, 0x0000000080200000, 0x0000000080200000|100%| O|  |TAMS 0x0000000080200000, 0x0000000080100000| Untracked 
|   2|0x0000000080200000, 0x0000000080300000, 0x0000000080300000|100%| O|  |TAMS 0x0000000080300000, 0x0000000080200000| Untracked 
|   3|0x0000000080300000, 0x0000000080400000, 0x0000000080400000|100%|HS|  |TAMS 0x0000000080400000, 0x0000000080300000| Complete 
|   4|0x0000000080400000, 0x0000000080500000, 0x0000000080500000|100%|HC|  |TAMS 0x0000000080500000, 0x0000000080400000| Complete 
|   5|0x0000000080500000, 0x0000000080600000, 0x0000000080600000|100%|HC|  |TAMS 0x0000000080600000, 0x0000000080500000| Complete 
|   6|0x0000000080600000, 0x0000000080700000, 0x0000000080700000|100%| O|  |TAMS 0x0000000080700000, 0x0000000080600000| Untracked 
|   7|0x0000000080700000, 0x0000000080800000, 0x0000000080800000|100%| O|  |TAMS 0x0000000080800000, 0x0000000080700000| Untracked 
|   8|0x0000000080800000, 0x0000000080900000, 0x0000000080900000|100%| O|  |TAMS 0x0000000080900000, 0x0000000080800000| Untracked 
|   9|0x0000000080900000, 0x0000000080a00000, 0x0000000080a00000|100%| O|  |TAMS 0x0000000080a00000, 0x0000000080900000| Untracked 
|  10|0x0000000080a00000, 0x0000000080b00000, 0x0000000080b00000|100%| O|  |TAMS 0x0000000080b00000, 0x0000000080a00000| Untracked 
|  11|0x0000000080b00000, 0x0000000080c00000, 0x0000000080c00000|100%| O|  |TAMS 0x0000000080c00000, 0x0000000080b00000| Untracked 
|  12|0x0000000080c00000, 0x0000000080d00000, 0x0000000080d00000|100%| O|  |TAMS 0x0000000080d00000, 0x0000000080c00000| Untracked 
|  13|0x0000000080d00000, 0x0000000080e00000, 0x0000000080e00000|100%| O|  |TAMS 0x0000000080e00000, 0x0000000080d00000| Untracked 
|  14|0x0000000080e00000, 0x0000000080f00000, 0x0000000080f00000|100%| O|  |TAMS 0x0000000080f00000, 0x0000000080e00000| Untracked 
|  15|0x0000000080f00000, 0x0000000081000000, 0x0000000081000000|100%|HS|  |TAMS 0x0000000081000000, 0x0000000080f00000| Complete 
|  16|0x0000000081000000, 0x0000000081100000, 0x0000000081100000|100%|HC|  |TAMS 0x0000000081100000, 0x0000000081000000| Complete 
|  17|0x0000000081100000, 0x0000000081200000, 0x0000000081200000|100%|HS|  |TAMS 0x0000000081200000, 0x0000000081100000| Complete 
|  18|0x0000000081200000, 0x0000000081300000, 0x0000000081300000|100%|HC|  |TAMS 0x0000000081300000, 0x0000000081200000| Complete 
|  19|0x0000000081300000, 0x0000000081400000, 0x0000000081400000|100%|HC|  |TAMS 0x0000000081400000, 0x0000000081300000| Complete 
|  20|0x0000000081400000, 0x0000000081500000, 0x0000000081500000|100%|HS|  |TAMS 0x0000000081500000, 0x0000000081400000| Complete 
|  21|0x0000000081500000, 0x0000000081600000, 0x0000000081600000|100%|HC|  |TAMS 0x0000000081600000, 0x0000000081500000| Complete 
|  22|0x0000000081600000, 0x0000000081700000, 0x0000000081700000|100%|HC|  |TAMS 0x0000000081700000, 0x0000000081600000| Complete 
|  23|0x0000000081700000, 0x0000000081800000, 0x0000000081800000|100%|HC|  |TAMS 0x0000000081800000, 0x0000000081700000| Complete 
|  24|0x0000000081800000, 0x0000000081900000, 0x0000000081900000|100%|HC|  |TAMS 0x0000000081900000, 0x0000000081800000| Complete 
|  25|0x0000000081900000, 0x0000000081a00000, 0x0000000081a00000|100%| O|  |TAMS 0x0000000081a00000, 0x0000000081900000| Untracked 
|  26|0x0000000081a00000, 0x0000000081b00000, 0x0000000081b00000|100%|HS|  |TAMS 0x0000000081b00000, 0x0000000081a00000| Complete 
|  27|0x0000000081b00000, 0x0000000081c00000, 0x0000000081c00000|100%|HS|  |TAMS 0x0000000081c00000, 0x0000000081b00000| Complete 
|  28|0x0000000081c00000, 0x0000000081d00000, 0x0000000081d00000|100%|HC|  |TAMS 0x0000000081d00000, 0x0000000081c00000| Complete 
|  29|0x0000000081d00000, 0x0000000081e00000, 0x0000000081e00000|100%|HS|  |TAMS 0x0000000081e00000, 0x0000000081d00000| Complete 
|  30|0x0000000081e00000, 0x0000000081f00000, 0x0000000081f00000|100%|HC|  |TAMS 0x0000000081f00000, 0x0000000081e00000| Complete 
|  31|0x0000000081f00000, 0x0000000082000000, 0x0000000082000000|100%|HC|  |TAMS 0x0000000082000000, 0x0000000081f00000| Complete 
|  32|0x0000000082000000, 0x0000000082100000, 0x0000000082100000|100%|HC|  |TAMS 0x0000000082100000, 0x0000000082000000| Complete 
|  33|0x0000000082100000, 0x0000000082200000, 0x0000000082200000|100%|HC|  |TAMS 0x0000000082200000, 0x0000000082100000| Complete 
|  34|0x0000000082200000, 0x0000000082300000, 0x0000000082300000|100%|HS|  |TAMS 0x0000000082300000, 0x0000000082200000| Complete 
|  35|0x0000000082300000, 0x0000000082400000, 0x0000000082400000|100%|HC|  |TAMS 0x0000000082400000, 0x0000000082300000| Complete 
|  36|0x0000000082400000, 0x0000000082500000, 0x0000000082500000|100%|HC|  |TAMS 0x0000000082500000, 0x0000000082400000| Complete 
|  37|0x0000000082500000, 0x0000000082600000, 0x0000000082600000|100%| O|  |TAMS 0x0000000082600000, 0x0000000082500000| Untracked 
|  38|0x0000000082600000, 0x0000000082700000, 0x0000000082700000|100%| O|  |TAMS 0x0000000082700000, 0x0000000082600000| Untracked 
|  39|0x0000000082700000, 0x0000000082800000, 0x0000000082800000|100%| O|  |TAMS 0x0000000082800000, 0x0000000082700000| Untracked 
|  40|0x0000000082800000, 0x0000000082900000, 0x0000000082900000|100%| O|  |TAMS 0x0000000082900000, 0x0000000082800000| Untracked 
|  41|0x0000000082900000, 0x0000000082a00000, 0x0000000082a00000|100%| O|  |TAMS 0x0000000082a00000, 0x0000000082900000| Untracked 
|  42|0x0000000082a00000, 0x0000000082b00000, 0x0000000082b00000|100%| O|  |TAMS 0x0000000082b00000, 0x0000000082a00000| Untracked 
|  43|0x0000000082b00000, 0x0000000082c00000, 0x0000000082c00000|100%| O|  |TAMS 0x0000000082c00000, 0x0000000082b00000| Untracked 
|  44|0x0000000082c00000, 0x0000000082d00000, 0x0000000082d00000|100%| O|  |TAMS 0x0000000082d00000, 0x0000000082c00000| Untracked 
|  45|0x0000000082d00000, 0x0000000082e00000, 0x0000000082e00000|100%| O|  |TAMS 0x0000000082e00000, 0x0000000082d00000| Untracked 
|  46|0x0000000082e00000, 0x0000000082f00000, 0x0000000082f00000|100%| O|  |TAMS 0x0000000082f00000, 0x0000000082e00000| Untracked 
|  47|0x0000000082f00000, 0x0000000083000000, 0x0000000083000000|100%| O|  |TAMS 0x0000000083000000, 0x0000000082f00000| Untracked 
|  48|0x0000000083000000, 0x0000000083100000, 0x0000000083100000|100%| O|  |TAMS 0x0000000083100000, 0x0000000083000000| Untracked 
|  49|0x0000000083100000, 0x0000000083200000, 0x0000000083200000|100%| O|  |TAMS 0x0000000083200000, 0x0000000083100000| Untracked 
|  50|0x0000000083200000, 0x0000000083300000, 0x0000000083300000|100%| O|  |TAMS 0x0000000083300000, 0x0000000083200000| Untracked 
|  51|0x0000000083300000, 0x0000000083400000, 0x0000000083400000|100%| O|  |TAMS 0x0000000083400000, 0x0000000083300000| Untracked 
|  52|0x0000000083400000, 0x0000000083500000, 0x0000000083500000|100%| O|  |TAMS 0x0000000083500000, 0x0000000083400000| Untracked 
|  53|0x0000000083500000, 0x0000000083600000, 0x0000000083600000|100%| O|  |TAMS 0x0000000083600000, 0x0000000083500000| Untracked 
|  54|0x0000000083600000, 0x0000000083700000, 0x0000000083700000|100%| O|  |TAMS 0x0000000083700000, 0x0000000083600000| Untracked 
|  55|0x0000000083700000, 0x0000000083800000, 0x0000000083800000|100%| O|  |TAMS 0x0000000083800000, 0x0000000083700000| Untracked 
|  56|0x0000000083800000, 0x0000000083900000, 0x0000000083900000|100%| O|  |TAMS 0x0000000083900000, 0x0000000083800000| Untracked 
|  57|0x0000000083900000, 0x0000000083a00000, 0x0000000083a00000|100%| O|  |TAMS 0x0000000083a00000, 0x0000000083900000| Untracked 
|  58|0x0000000083a00000, 0x0000000083b00000, 0x0000000083b00000|100%| O|  |TAMS 0x0000000083b00000, 0x0000000083a00000| Untracked 
|  59|0x0000000083b00000, 0x0000000083c00000, 0x0000000083c00000|100%| O|  |TAMS 0x0000000083c00000, 0x0000000083b00000| Untracked 
|  60|0x0000000083c00000, 0x0000000083d00000, 0x0000000083d00000|100%| O|  |TAMS 0x0000000083d00000, 0x0000000083c00000| Untracked 
|  61|0x0000000083d00000, 0x0000000083e00000, 0x0000000083e00000|100%| O|  |TAMS 0x0000000083e00000, 0x0000000083d00000| Untracked 
|  62|0x0000000083e00000, 0x0000000083f00000, 0x0000000083f00000|100%| O|  |TAMS 0x0000000083f00000, 0x0000000083e00000| Untracked 
|  63|0x0000000083f00000, 0x0000000084000000, 0x0000000084000000|100%| O|  |TAMS 0x0000000084000000, 0x0000000083f00000| Untracked 
|  64|0x0000000084000000, 0x0000000084100000, 0x0000000084100000|100%| O|  |TAMS 0x0000000084100000, 0x0000000084000000| Untracked 
|  65|0x0000000084100000, 0x0000000084200000, 0x0000000084200000|100%| O|  |TAMS 0x0000000084200000, 0x0000000084100000| Untracked 
|  66|0x0000000084200000, 0x0000000084300000, 0x0000000084300000|100%| O|  |TAMS 0x0000000084300000, 0x0000000084200000| Untracked 
|  67|0x0000000084300000, 0x0000000084400000, 0x0000000084400000|100%| O|  |TAMS 0x0000000084400000, 0x0000000084300000| Untracked 
|  68|0x0000000084400000, 0x0000000084500000, 0x0000000084500000|100%| O|  |TAMS 0x0000000084500000, 0x0000000084400000| Untracked 
|  69|0x0000000084500000, 0x0000000084600000, 0x0000000084600000|100%| O|  |TAMS 0x0000000084600000, 0x0000000084500000| Untracked 
|  70|0x0000000084600000, 0x0000000084700000, 0x0000000084700000|100%| O|  |TAMS 0x0000000084700000, 0x0000000084600000| Untracked 
|  71|0x0000000084700000, 0x0000000084800000, 0x0000000084800000|100%| O|  |TAMS 0x0000000084800000, 0x0000000084700000| Untracked 
|  72|0x0000000084800000, 0x0000000084900000, 0x0000000084900000|100%| O|  |TAMS 0x0000000084900000, 0x0000000084800000| Untracked 
|  73|0x0000000084900000, 0x0000000084a00000, 0x0000000084a00000|100%| O|  |TAMS 0x0000000084a00000, 0x0000000084900000| Untracked 
|  74|0x0000000084a00000, 0x0000000084b00000, 0x0000000084b00000|100%| O|  |TAMS 0x0000000084b00000, 0x0000000084a00000| Untracked 
|  75|0x0000000084b00000, 0x0000000084c00000, 0x0000000084c00000|100%| O|  |TAMS 0x0000000084c00000, 0x0000000084b00000| Untracked 
|  76|0x0000000084c00000, 0x0000000084d00000, 0x0000000084d00000|100%| O|  |TAMS 0x0000000084d00000, 0x0000000084c00000| Untracked 
|  77|0x0000000084d00000, 0x0000000084e00000, 0x0000000084e00000|100%| O|  |TAMS 0x0000000084e00000, 0x0000000084d00000| Untracked 
|  78|0x0000000084e00000, 0x0000000084f00000, 0x0000000084f00000|100%| O|  |TAMS 0x0000000084f00000, 0x0000000084e00000| Untracked 
|  79|0x0000000084f00000, 0x0000000085000000, 0x0000000085000000|100%| O|  |TAMS 0x0000000085000000, 0x0000000084f00000| Untracked 
|  80|0x0000000085000000, 0x0000000085100000, 0x0000000085100000|100%| O|  |TAMS 0x0000000085100000, 0x0000000085000000| Untracked 
|  81|0x0000000085100000, 0x0000000085200000, 0x0000000085200000|100%| O|  |TAMS 0x0000000085200000, 0x0000000085100000| Untracked 
|  82|0x0000000085200000, 0x0000000085300000, 0x0000000085300000|100%| O|  |TAMS 0x0000000085300000, 0x0000000085200000| Untracked 
|  83|0x0000000085300000, 0x0000000085400000, 0x0000000085400000|100%| O|  |TAMS 0x0000000085400000, 0x0000000085300000| Untracked 
|  84|0x0000000085400000, 0x0000000085500000, 0x0000000085500000|100%| O|  |TAMS 0x0000000085500000, 0x0000000085400000| Untracked 
|  85|0x0000000085500000, 0x0000000085600000, 0x0000000085600000|100%| O|  |TAMS 0x0000000085600000, 0x0000000085500000| Untracked 
|  86|0x0000000085600000, 0x0000000085700000, 0x0000000085700000|100%| O|  |TAMS 0x0000000085700000, 0x0000000085600000| Untracked 
|  87|0x0000000085700000, 0x0000000085800000, 0x0000000085800000|100%| O|  |TAMS 0x0000000085800000, 0x0000000085700000| Untracked 
|  88|0x0000000085800000, 0x0000000085900000, 0x0000000085900000|100%| O|  |TAMS 0x0000000085900000, 0x0000000085800000| Untracked 
|  89|0x0000000085900000, 0x0000000085a00000, 0x0000000085a00000|100%| O|  |TAMS 0x0000000085a00000, 0x0000000085900000| Untracked 
|  90|0x0000000085a00000, 0x0000000085b00000, 0x0000000085b00000|100%| O|  |TAMS 0x0000000085b00000, 0x0000000085a00000| Untracked 
|  91|0x0000000085b00000, 0x0000000085c00000, 0x0000000085c00000|100%| O|  |TAMS 0x0000000085c00000, 0x0000000085b00000| Untracked 
|  92|0x0000000085c00000, 0x0000000085d00000, 0x0000000085d00000|100%| O|  |TAMS 0x0000000085d00000, 0x0000000085c00000| Untracked 
|  93|0x0000000085d00000, 0x0000000085e00000, 0x0000000085e00000|100%| O|  |TAMS 0x0000000085e00000, 0x0000000085d00000| Untracked 
|  94|0x0000000085e00000, 0x0000000085f00000, 0x0000000085f00000|100%| O|  |TAMS 0x0000000085f00000, 0x0000000085e00000| Untracked 
|  95|0x0000000085f00000, 0x0000000086000000, 0x0000000086000000|100%|HS|  |TAMS 0x0000000086000000, 0x0000000085f00000| Complete 
|  96|0x0000000086000000, 0x0000000086100000, 0x0000000086100000|100%|HC|  |TAMS 0x0000000086100000, 0x0000000086000000| Complete 
|  97|0x0000000086100000, 0x0000000086200000, 0x0000000086200000|100%|HC|  |TAMS 0x0000000086200000, 0x0000000086100000| Complete 
|  98|0x0000000086200000, 0x0000000086300000, 0x0000000086300000|100%|HS|  |TAMS 0x0000000086300000, 0x0000000086200000| Complete 
|  99|0x0000000086300000, 0x0000000086400000, 0x0000000086400000|100%|HC|  |TAMS 0x0000000086400000, 0x0000000086300000| Complete 
| 100|0x0000000086400000, 0x0000000086500000, 0x0000000086500000|100%| O|  |TAMS 0x0000000086500000, 0x0000000086400000| Untracked 
| 101|0x0000000086500000, 0x0000000086600000, 0x0000000086600000|100%| O|  |TAMS 0x0000000086600000, 0x0000000086500000| Untracked 
| 102|0x0000000086600000, 0x0000000086700000, 0x0000000086700000|100%| O|  |TAMS 0x0000000086700000, 0x0000000086600000| Untracked 
| 103|0x0000000086700000, 0x0000000086800000, 0x0000000086800000|100%| O|  |TAMS 0x0000000086800000, 0x0000000086700000| Untracked 
| 104|0x0000000086800000, 0x0000000086900000, 0x0000000086900000|100%| O|  |TAMS 0x0000000086900000, 0x0000000086800000| Untracked 
| 105|0x0000000086900000, 0x0000000086a00000, 0x0000000086a00000|100%| O|  |TAMS 0x0000000086a00000, 0x0000000086900000| Untracked 
| 106|0x0000000086a00000, 0x0000000086b00000, 0x0000000086b00000|100%| O|  |TAMS 0x0000000086b00000, 0x0000000086a00000| Untracked 
| 107|0x0000000086b00000, 0x0000000086c00000, 0x0000000086c00000|100%| O|  |TAMS 0x0000000086c00000, 0x0000000086b00000| Untracked 
| 108|0x0000000086c00000, 0x0000000086d00000, 0x0000000086d00000|100%| O|  |TAMS 0x0000000086d00000, 0x0000000086c00000| Untracked 
| 109|0x0000000086d00000, 0x0000000086e00000, 0x0000000086e00000|100%| O|  |TAMS 0x0000000086e00000, 0x0000000086d00000| Untracked 
| 110|0x0000000086e00000, 0x0000000086f00000, 0x0000000086f00000|100%| O|  |TAMS 0x0000000086f00000, 0x0000000086e00000| Untracked 
| 111|0x0000000086f00000, 0x0000000087000000, 0x0000000087000000|100%| O|  |TAMS 0x0000000087000000, 0x0000000086f00000| Untracked 
| 112|0x0000000087000000, 0x0000000087100000, 0x0000000087100000|100%| O|  |TAMS 0x0000000087100000, 0x0000000087000000| Untracked 
| 113|0x0000000087100000, 0x0000000087200000, 0x0000000087200000|100%| O|  |TAMS 0x0000000087200000, 0x0000000087100000| Untracked 
| 114|0x0000000087200000, 0x0000000087300000, 0x0000000087300000|100%| O|  |TAMS 0x0000000087300000, 0x0000000087200000| Untracked 
| 115|0x0000000087300000, 0x0000000087400000, 0x0000000087400000|100%| O|  |TAMS 0x0000000087400000, 0x0000000087300000| Untracked 
| 116|0x0000000087400000, 0x0000000087500000, 0x0000000087500000|100%| O|  |TAMS 0x0000000087500000, 0x0000000087400000| Untracked 
| 117|0x0000000087500000, 0x0000000087600000, 0x0000000087600000|100%| O|  |TAMS 0x0000000087600000, 0x0000000087500000| Untracked 
| 118|0x0000000087600000, 0x0000000087700000, 0x0000000087700000|100%| O|  |TAMS 0x0000000087700000, 0x0000000087600000| Untracked 
| 119|0x0000000087700000, 0x0000000087800000, 0x0000000087800000|100%| O|  |TAMS 0x0000000087800000, 0x0000000087700000| Untracked 
| 120|0x0000000087800000, 0x0000000087900000, 0x0000000087900000|100%| O|  |TAMS 0x0000000087900000, 0x0000000087800000| Untracked 
| 121|0x0000000087900000, 0x0000000087a00000, 0x0000000087a00000|100%| O|  |TAMS 0x0000000087a00000, 0x0000000087900000| Untracked 
| 122|0x0000000087a00000, 0x0000000087b00000, 0x0000000087b00000|100%| O|  |TAMS 0x0000000087b00000, 0x0000000087a00000| Untracked 
| 123|0x0000000087b00000, 0x0000000087c00000, 0x0000000087c00000|100%| O|  |TAMS 0x0000000087c00000, 0x0000000087b00000| Untracked 
| 124|0x0000000087c00000, 0x0000000087d00000, 0x0000000087d00000|100%| O|  |TAMS 0x0000000087d00000, 0x0000000087c00000| Untracked 
| 125|0x0000000087d00000, 0x0000000087e00000, 0x0000000087e00000|100%| O|  |TAMS 0x0000000087e00000, 0x0000000087d00000| Untracked 
| 126|0x0000000087e00000, 0x0000000087f00000, 0x0000000087f00000|100%| O|  |TAMS 0x0000000087f00000, 0x0000000087e00000| Untracked 
| 127|0x0000000087f00000, 0x0000000088000000, 0x0000000088000000|100%| O|  |TAMS 0x0000000088000000, 0x0000000087f00000| Untracked 
| 128|0x0000000088000000, 0x0000000088100000, 0x0000000088100000|100%| O|  |TAMS 0x0000000088100000, 0x0000000088000000| Untracked 
| 129|0x0000000088100000, 0x0000000088200000, 0x0000000088200000|100%| O|  |TAMS 0x0000000088200000, 0x0000000088100000| Untracked 
| 130|0x0000000088200000, 0x0000000088300000, 0x0000000088300000|100%| O|  |TAMS 0x0000000088300000, 0x0000000088200000| Untracked 
| 131|0x0000000088300000, 0x0000000088400000, 0x0000000088400000|100%| O|  |TAMS 0x0000000088400000, 0x0000000088300000| Untracked 
| 132|0x0000000088400000, 0x00000000884e7600, 0x0000000088500000| 90%| O|  |TAMS 0x00000000884e7600, 0x0000000088400000| Untracked 
| 133|0x0000000088500000, 0x0000000088600000, 0x0000000088600000|100%|HS|  |TAMS 0x0000000088500000, 0x0000000088500000| Complete 
| 134|0x0000000088600000, 0x0000000088700000, 0x0000000088700000|100%|HS|  |TAMS 0x0000000088600000, 0x0000000088600000| Complete 
| 135|0x0000000088700000, 0x0000000088800000, 0x0000000088800000|100%|HS|  |TAMS 0x0000000088700000, 0x0000000088700000| Complete 
| 136|0x0000000088800000, 0x0000000088800000, 0x0000000088900000|  0%| F|  |TAMS 0x0000000088800000, 0x0000000088800000| Untracked 
| 137|0x0000000088900000, 0x0000000088900000, 0x0000000088a00000|  0%| F|  |TAMS 0x0000000088900000, 0x0000000088900000| Untracked 
| 138|0x0000000088a00000, 0x0000000088a00000, 0x0000000088b00000|  0%| F|  |TAMS 0x0000000088a00000, 0x0000000088a00000| Untracked 
| 139|0x0000000088b00000, 0x0000000088b00000, 0x0000000088c00000|  0%| F|  |TAMS 0x0000000088b00000, 0x0000000088b00000| Untracked 
| 140|0x0000000088c00000, 0x0000000088c00000, 0x0000000088d00000|  0%| F|  |TAMS 0x0000000088c00000, 0x0000000088c00000| Untracked 
| 141|0x0000000088d00000, 0x0000000088d00000, 0x0000000088e00000|  0%| F|  |TAMS 0x0000000088d00000, 0x0000000088d00000| Untracked 
| 142|0x0000000088e00000, 0x0000000088e00000, 0x0000000088f00000|  0%| F|  |TAMS 0x0000000088e00000, 0x0000000088e00000| Untracked 
| 143|0x0000000088f00000, 0x0000000088f00000, 0x0000000089000000|  0%| F|  |TAMS 0x0000000088f00000, 0x0000000088f00000| Untracked 
| 144|0x0000000089000000, 0x0000000089000000, 0x0000000089100000|  0%| F|  |TAMS 0x0000000089000000, 0x0000000089000000| Untracked 
| 145|0x0000000089100000, 0x0000000089100000, 0x0000000089200000|  0%| F|  |TAMS 0x0000000089100000, 0x0000000089100000| Untracked 
| 146|0x0000000089200000, 0x0000000089200000, 0x0000000089300000|  0%| F|  |TAMS 0x0000000089200000, 0x0000000089200000| Untracked 
| 147|0x0000000089300000, 0x0000000089300000, 0x0000000089400000|  0%| F|  |TAMS 0x0000000089300000, 0x0000000089300000| Untracked 
| 148|0x0000000089400000, 0x0000000089400000, 0x0000000089500000|  0%| F|  |TAMS 0x0000000089400000, 0x0000000089400000| Untracked 
| 149|0x0000000089500000, 0x0000000089500000, 0x0000000089600000|  0%| F|  |TAMS 0x0000000089500000, 0x0000000089500000| Untracked 
| 150|0x0000000089600000, 0x0000000089600000, 0x0000000089700000|  0%| F|  |TAMS 0x0000000089600000, 0x0000000089600000| Untracked 
| 151|0x0000000089700000, 0x0000000089700000, 0x0000000089800000|  0%| F|  |TAMS 0x0000000089700000, 0x0000000089700000| Untracked 
| 152|0x0000000089800000, 0x0000000089800000, 0x0000000089900000|  0%| F|  |TAMS 0x0000000089800000, 0x0000000089800000| Untracked 
| 153|0x0000000089900000, 0x0000000089900000, 0x0000000089a00000|  0%| F|  |TAMS 0x0000000089900000, 0x0000000089900000| Untracked 
| 154|0x0000000089a00000, 0x0000000089a00000, 0x0000000089b00000|  0%| F|  |TAMS 0x0000000089a00000, 0x0000000089a00000| Untracked 
| 155|0x0000000089b00000, 0x0000000089b00000, 0x0000000089c00000|  0%| F|  |TAMS 0x0000000089b00000, 0x0000000089b00000| Untracked 
| 156|0x0000000089c00000, 0x0000000089c00000, 0x0000000089d00000|  0%| F|  |TAMS 0x0000000089c00000, 0x0000000089c00000| Untracked 
| 157|0x0000000089d00000, 0x0000000089d00000, 0x0000000089e00000|  0%| F|  |TAMS 0x0000000089d00000, 0x0000000089d00000| Untracked 
| 158|0x0000000089e00000, 0x0000000089e00000, 0x0000000089f00000|  0%| F|  |TAMS 0x0000000089e00000, 0x0000000089e00000| Untracked 
| 159|0x0000000089f00000, 0x0000000089f00000, 0x000000008a000000|  0%| F|  |TAMS 0x0000000089f00000, 0x0000000089f00000| Untracked 
| 160|0x000000008a000000, 0x000000008a000000, 0x000000008a100000|  0%| F|  |TAMS 0x000000008a000000, 0x000000008a000000| Untracked 
| 161|0x000000008a100000, 0x000000008a100000, 0x000000008a200000|  0%| F|  |TAMS 0x000000008a100000, 0x000000008a100000| Untracked 
| 162|0x000000008a200000, 0x000000008a200000, 0x000000008a300000|  0%| F|  |TAMS 0x000000008a200000, 0x000000008a200000| Untracked 
| 163|0x000000008a300000, 0x000000008a300000, 0x000000008a400000|  0%| F|  |TAMS 0x000000008a300000, 0x000000008a300000| Untracked 
| 164|0x000000008a400000, 0x000000008a400000, 0x000000008a500000|  0%| F|  |TAMS 0x000000008a400000, 0x000000008a400000| Untracked 
| 165|0x000000008a500000, 0x000000008a500000, 0x000000008a600000|  0%| F|  |TAMS 0x000000008a500000, 0x000000008a500000| Untracked 
| 166|0x000000008a600000, 0x000000008a600000, 0x000000008a700000|  0%| F|  |TAMS 0x000000008a600000, 0x000000008a600000| Untracked 
| 167|0x000000008a700000, 0x000000008a700000, 0x000000008a800000|  0%| F|  |TAMS 0x000000008a700000, 0x000000008a700000| Untracked 
| 168|0x000000008a800000, 0x000000008a800000, 0x000000008a900000|  0%| F|  |TAMS 0x000000008a800000, 0x000000008a800000| Untracked 
| 169|0x000000008a900000, 0x000000008a900000, 0x000000008aa00000|  0%| F|  |TAMS 0x000000008a900000, 0x000000008a900000| Untracked 
| 170|0x000000008aa00000, 0x000000008aa00000, 0x000000008ab00000|  0%| F|  |TAMS 0x000000008aa00000, 0x000000008aa00000| Untracked 
| 171|0x000000008ab00000, 0x000000008ab00000, 0x000000008ac00000|  0%| F|  |TAMS 0x000000008ab00000, 0x000000008ab00000| Untracked 
| 172|0x000000008ac00000, 0x000000008ac00000, 0x000000008ad00000|  0%| F|  |TAMS 0x000000008ac00000, 0x000000008ac00000| Untracked 
| 173|0x000000008ad00000, 0x000000008ad00000, 0x000000008ae00000|  0%| F|  |TAMS 0x000000008ad00000, 0x000000008ad00000| Untracked 
| 174|0x000000008ae00000, 0x000000008ae00000, 0x000000008af00000|  0%| F|  |TAMS 0x000000008ae00000, 0x000000008ae00000| Untracked 
| 175|0x000000008af00000, 0x000000008af00000, 0x000000008b000000|  0%| F|  |TAMS 0x000000008af00000, 0x000000008af00000| Untracked 
| 176|0x000000008b000000, 0x000000008b000000, 0x000000008b100000|  0%| F|  |TAMS 0x000000008b000000, 0x000000008b000000| Untracked 
| 177|0x000000008b100000, 0x000000008b100000, 0x000000008b200000|  0%| F|  |TAMS 0x000000008b100000, 0x000000008b100000| Untracked 
| 178|0x000000008b200000, 0x000000008b200000, 0x000000008b300000|  0%| F|  |TAMS 0x000000008b200000, 0x000000008b200000| Untracked 
| 179|0x000000008b300000, 0x000000008b300000, 0x000000008b400000|  0%| F|  |TAMS 0x000000008b300000, 0x000000008b300000| Untracked 
| 180|0x000000008b400000, 0x000000008b400000, 0x000000008b500000|  0%| F|  |TAMS 0x000000008b400000, 0x000000008b400000| Untracked 
| 181|0x000000008b500000, 0x000000008b500000, 0x000000008b600000|  0%| F|  |TAMS 0x000000008b500000, 0x000000008b500000| Untracked 
| 182|0x000000008b600000, 0x000000008b600000, 0x000000008b700000|  0%| F|  |TAMS 0x000000008b600000, 0x000000008b600000| Untracked 
| 183|0x000000008b700000, 0x000000008b700000, 0x000000008b800000|  0%| F|  |TAMS 0x000000008b700000, 0x000000008b700000| Untracked 
| 184|0x000000008b800000, 0x000000008b800000, 0x000000008b900000|  0%| F|  |TAMS 0x000000008b800000, 0x000000008b800000| Untracked 
| 185|0x000000008b900000, 0x000000008b900000, 0x000000008ba00000|  0%| F|  |TAMS 0x000000008b900000, 0x000000008b900000| Untracked 
| 186|0x000000008ba00000, 0x000000008ba00000, 0x000000008bb00000|  0%| F|  |TAMS 0x000000008ba00000, 0x000000008ba00000| Untracked 
| 187|0x000000008bb00000, 0x000000008bb00000, 0x000000008bc00000|  0%| F|  |TAMS 0x000000008bb00000, 0x000000008bb00000| Untracked 
| 188|0x000000008bc00000, 0x000000008bc00000, 0x000000008bd00000|  0%| F|  |TAMS 0x000000008bc00000, 0x000000008bc00000| Untracked 
| 189|0x000000008bd00000, 0x000000008bd00000, 0x000000008be00000|  0%| F|  |TAMS 0x000000008bd00000, 0x000000008bd00000| Untracked 
| 190|0x000000008be00000, 0x000000008be00000, 0x000000008bf00000|  0%| F|  |TAMS 0x000000008be00000, 0x000000008be00000| Untracked 
| 191|0x000000008bf00000, 0x000000008bf00000, 0x000000008c000000|  0%| F|  |TAMS 0x000000008bf00000, 0x000000008bf00000| Untracked 
| 192|0x000000008c000000, 0x000000008c000000, 0x000000008c100000|  0%| F|  |TAMS 0x000000008c000000, 0x000000008c000000| Untracked 
| 193|0x000000008c100000, 0x000000008c100000, 0x000000008c200000|  0%| F|  |TAMS 0x000000008c100000, 0x000000008c100000| Untracked 
| 194|0x000000008c200000, 0x000000008c200000, 0x000000008c300000|  0%| F|  |TAMS 0x000000008c200000, 0x000000008c200000| Untracked 
| 195|0x000000008c300000, 0x000000008c300000, 0x000000008c400000|  0%| F|  |TAMS 0x000000008c300000, 0x000000008c300000| Untracked 
| 196|0x000000008c400000, 0x000000008c400000, 0x000000008c500000|  0%| F|  |TAMS 0x000000008c400000, 0x000000008c400000| Untracked 
| 197|0x000000008c500000, 0x000000008c600000, 0x000000008c600000|100%| S|CS|TAMS 0x000000008c500000, 0x000000008c500000| Complete 
| 198|0x000000008c600000, 0x000000008c700000, 0x000000008c700000|100%| S|CS|TAMS 0x000000008c600000, 0x000000008c600000| Complete 
| 199|0x000000008c700000, 0x000000008c800000, 0x000000008c800000|100%| S|CS|TAMS 0x000000008c700000, 0x000000008c700000| Complete 
| 200|0x000000008c800000, 0x000000008c900000, 0x000000008c900000|100%| S|CS|TAMS 0x000000008c800000, 0x000000008c800000| Complete 
| 201|0x000000008c900000, 0x000000008ca00000, 0x000000008ca00000|100%| S|CS|TAMS 0x000000008c900000, 0x000000008c900000| Complete 
| 202|0x000000008ca00000, 0x000000008cb00000, 0x000000008cb00000|100%| S|CS|TAMS 0x000000008ca00000, 0x000000008ca00000| Complete 
| 203|0x000000008cb00000, 0x000000008cc00000, 0x000000008cc00000|100%| S|CS|TAMS 0x000000008cb00000, 0x000000008cb00000| Complete 
| 204|0x000000008cc00000, 0x000000008cd00000, 0x000000008cd00000|100%| S|CS|TAMS 0x000000008cc00000, 0x000000008cc00000| Complete 
| 205|0x000000008cd00000, 0x000000008ce00000, 0x000000008ce00000|100%| S|CS|TAMS 0x000000008cd00000, 0x000000008cd00000| Complete 
| 206|0x000000008ce00000, 0x000000008cf00000, 0x000000008cf00000|100%| S|CS|TAMS 0x000000008ce00000, 0x000000008ce00000| Complete 
| 207|0x000000008cf00000, 0x000000008d000000, 0x000000008d000000|100%| S|CS|TAMS 0x000000008cf00000, 0x000000008cf00000| Complete 
| 208|0x000000008d000000, 0x000000008d000000, 0x000000008d100000|  0%| F|  |TAMS 0x000000008d000000, 0x000000008d000000| Untracked 
| 209|0x000000008d100000, 0x000000008d100000, 0x000000008d200000|  0%| F|  |TAMS 0x000000008d100000, 0x000000008d100000| Untracked 
| 210|0x000000008d200000, 0x000000008d200000, 0x000000008d300000|  0%| F|  |TAMS 0x000000008d200000, 0x000000008d200000| Untracked 
| 211|0x000000008d300000, 0x000000008d300000, 0x000000008d400000|  0%| F|  |TAMS 0x000000008d300000, 0x000000008d300000| Untracked 
| 212|0x000000008d400000, 0x000000008d400000, 0x000000008d500000|  0%| F|  |TAMS 0x000000008d400000, 0x000000008d400000| Untracked 
| 213|0x000000008d500000, 0x000000008d500000, 0x000000008d600000|  0%| F|  |TAMS 0x000000008d500000, 0x000000008d500000| Untracked 
| 214|0x000000008d600000, 0x000000008d600000, 0x000000008d700000|  0%| F|  |TAMS 0x000000008d600000, 0x000000008d600000| Untracked 
| 215|0x000000008d700000, 0x000000008d700000, 0x000000008d800000|  0%| F|  |TAMS 0x000000008d700000, 0x000000008d700000| Untracked 
| 216|0x000000008d800000, 0x000000008d800000, 0x000000008d900000|  0%| F|  |TAMS 0x000000008d800000, 0x000000008d800000| Untracked 
| 217|0x000000008d900000, 0x000000008d900000, 0x000000008da00000|  0%| F|  |TAMS 0x000000008d900000, 0x000000008d900000| Untracked 
| 218|0x000000008da00000, 0x000000008da00000, 0x000000008db00000|  0%| F|  |TAMS 0x000000008da00000, 0x000000008da00000| Untracked 
| 219|0x000000008db00000, 0x000000008db00000, 0x000000008dc00000|  0%| F|  |TAMS 0x000000008db00000, 0x000000008db00000| Untracked 
| 220|0x000000008dc00000, 0x000000008dc00000, 0x000000008dd00000|  0%| F|  |TAMS 0x000000008dc00000, 0x000000008dc00000| Untracked 
| 221|0x000000008dd00000, 0x000000008dd00000, 0x000000008de00000|  0%| F|  |TAMS 0x000000008dd00000, 0x000000008dd00000| Untracked 
| 222|0x000000008de00000, 0x000000008de00000, 0x000000008df00000|  0%| F|  |TAMS 0x000000008de00000, 0x000000008de00000| Untracked 
| 223|0x000000008df00000, 0x000000008df00000, 0x000000008e000000|  0%| F|  |TAMS 0x000000008df00000, 0x000000008df00000| Untracked 
| 224|0x000000008e000000, 0x000000008e000000, 0x000000008e100000|  0%| F|  |TAMS 0x000000008e000000, 0x000000008e000000| Untracked 
| 225|0x000000008e100000, 0x000000008e100000, 0x000000008e200000|  0%| F|  |TAMS 0x000000008e100000, 0x000000008e100000| Untracked 
| 226|0x000000008e200000, 0x000000008e200000, 0x000000008e300000|  0%| F|  |TAMS 0x000000008e200000, 0x000000008e200000| Untracked 
| 227|0x000000008e300000, 0x000000008e300000, 0x000000008e400000|  0%| F|  |TAMS 0x000000008e300000, 0x000000008e300000| Untracked 
| 228|0x000000008e400000, 0x000000008e400000, 0x000000008e500000|  0%| F|  |TAMS 0x000000008e400000, 0x000000008e400000| Untracked 
| 229|0x000000008e500000, 0x000000008e500000, 0x000000008e600000|  0%| F|  |TAMS 0x000000008e500000, 0x000000008e500000| Untracked 
| 230|0x000000008e600000, 0x000000008e600000, 0x000000008e700000|  0%| F|  |TAMS 0x000000008e600000, 0x000000008e600000| Untracked 
| 231|0x000000008e700000, 0x000000008e700000, 0x000000008e800000|  0%| F|  |TAMS 0x000000008e700000, 0x000000008e700000| Untracked 
| 232|0x000000008e800000, 0x000000008e800000, 0x000000008e900000|  0%| F|  |TAMS 0x000000008e800000, 0x000000008e800000| Untracked 
| 233|0x000000008e900000, 0x000000008e980800, 0x000000008ea00000| 50%| E|  |TAMS 0x000000008e900000, 0x000000008e900000| Complete 
| 234|0x000000008ea00000, 0x000000008eb00000, 0x000000008eb00000|100%| E|CS|TAMS 0x000000008ea00000, 0x000000008ea00000| Complete 
| 235|0x000000008eb00000, 0x000000008ec00000, 0x000000008ec00000|100%| E|CS|TAMS 0x000000008eb00000, 0x000000008eb00000| Complete 
| 236|0x000000008ec00000, 0x000000008ed00000, 0x000000008ed00000|100%| E|CS|TAMS 0x000000008ec00000, 0x000000008ec00000| Complete 
| 237|0x000000008ed00000, 0x000000008ee00000, 0x000000008ee00000|100%| E|CS|TAMS 0x000000008ed00000, 0x000000008ed00000| Complete 
| 238|0x000000008ee00000, 0x000000008ef00000, 0x000000008ef00000|100%| E|CS|TAMS 0x000000008ee00000, 0x000000008ee00000| Complete 
| 239|0x000000008ef00000, 0x000000008f000000, 0x000000008f000000|100%| E|CS|TAMS 0x000000008ef00000, 0x000000008ef00000| Complete 
| 240|0x000000008f000000, 0x000000008f100000, 0x000000008f100000|100%| E|CS|TAMS 0x000000008f000000, 0x000000008f000000| Complete 
| 241|0x000000008f100000, 0x000000008f200000, 0x000000008f200000|100%| E|CS|TAMS 0x000000008f100000, 0x000000008f100000| Complete 
| 242|0x000000008f200000, 0x000000008f300000, 0x000000008f300000|100%| E|CS|TAMS 0x000000008f200000, 0x000000008f200000| Complete 
| 243|0x000000008f300000, 0x000000008f400000, 0x000000008f400000|100%| E|CS|TAMS 0x000000008f300000, 0x000000008f300000| Complete 
| 244|0x000000008f400000, 0x000000008f500000, 0x000000008f500000|100%| E|CS|TAMS 0x000000008f400000, 0x000000008f400000| Complete 
| 245|0x000000008f500000, 0x000000008f600000, 0x000000008f600000|100%| E|CS|TAMS 0x000000008f500000, 0x000000008f500000| Complete 
| 246|0x000000008f600000, 0x000000008f700000, 0x000000008f700000|100%| E|CS|TAMS 0x000000008f600000, 0x000000008f600000| Complete 
| 247|0x000000008f700000, 0x000000008f800000, 0x000000008f800000|100%| E|CS|TAMS 0x000000008f700000, 0x000000008f700000| Complete 
| 248|0x000000008f800000, 0x000000008f900000, 0x000000008f900000|100%| E|CS|TAMS 0x000000008f800000, 0x000000008f800000| Complete 
| 249|0x000000008f900000, 0x000000008fa00000, 0x000000008fa00000|100%| E|CS|TAMS 0x000000008f900000, 0x000000008f900000| Complete 
| 250|0x000000008fa00000, 0x000000008fb00000, 0x000000008fb00000|100%| E|CS|TAMS 0x000000008fa00000, 0x000000008fa00000| Complete 
| 251|0x000000008fb00000, 0x000000008fc00000, 0x000000008fc00000|100%| E|CS|TAMS 0x000000008fb00000, 0x000000008fb00000| Complete 
| 252|0x000000008fc00000, 0x000000008fd00000, 0x000000008fd00000|100%| E|CS|TAMS 0x000000008fc00000, 0x000000008fc00000| Complete 
| 253|0x000000008fd00000, 0x000000008fe00000, 0x000000008fe00000|100%| E|CS|TAMS 0x000000008fd00000, 0x000000008fd00000| Complete 
| 254|0x000000008fe00000, 0x000000008ff00000, 0x000000008ff00000|100%| E|CS|TAMS 0x000000008fe00000, 0x000000008fe00000| Complete 
| 255|0x000000008ff00000, 0x0000000090000000, 0x0000000090000000|100%| E|CS|TAMS 0x000000008ff00000, 0x000000008ff00000| Complete 

Card table byte_map: [0x0000027144550000,0x0000027144950000] _byte_map_base: 0x0000027144150000

Marking Bits (Prev, Next): (CMBitMap*) 0x000002713158c310, (CMBitMap*) 0x000002713158c2d8
 Prev Bits: [0x0000027146d50000, 0x0000027148d50000)
 Next Bits: [0x0000027144d50000, 0x0000027146d50000)

Polling page: 0x000002712f700000

Metaspace:

Usage:
  Non-class:    109.58 MB capacity,   107.35 MB ( 98%) used,     1.91 MB (  2%) free+waste,   334.06 KB ( <1%) overhead. 
      Class:     16.83 MB capacity,    15.58 MB ( 93%) used,     1.10 MB (  7%) free+waste,   153.50 KB ( <1%) overhead. 
       Both:    126.41 MB capacity,   122.93 MB ( 97%) used,     3.01 MB (  2%) free+waste,   487.56 KB ( <1%) overhead. 

Virtual space:
  Non-class space:      112.00 MB reserved,     109.93 MB ( 98%) committed 
      Class space:        1.00 GB reserved,      17.02 MB (  2%) committed 
             Both:        1.11 GB reserved,     126.95 MB ( 11%) committed 

Chunk freelists:
   Non-Class:  289.00 KB
       Class:  141.00 KB
        Both:  430.00 KB

MaxMetaspaceSize: 17179869184.00 GB
CompressedClassSpaceSize: 1.00 GB

CodeHeap 'non-profiled nmethods': size=120064Kb used=9651Kb max_used=9651Kb free=110413Kb
 bounds [0x000002713cb00000, 0x000002713d470000, 0x0000027144040000]
CodeHeap 'profiled nmethods': size=120000Kb used=33938Kb max_used=33938Kb free=86061Kb
 bounds [0x00000271355d0000, 0x0000027137700000, 0x000002713cb00000]
CodeHeap 'non-nmethods': size=5696Kb used=2339Kb max_used=2400Kb free=3357Kb
 bounds [0x0000027135040000, 0x00000271352b0000, 0x00000271355d0000]
 total_blobs=15872 nmethods=14912 adapters=871
 compilation: enabled
              stopped_count=0, restarted_count=0
 full_count=0

Compilation events (20 events):
Event: 483.438 Thread 0x000002714be72800 15044       3       com.android.utils.XmlUtils::stripBom (26 bytes)
Event: 483.439 Thread 0x000002714be72800 nmethod 15044 0x00000271376eb790 code [0x00000271376eb9c0, 0x00000271376ec0a8]
Event: 483.439 Thread 0x000002714be72800 15045   !   3       com.android.utils.PositionXmlParser::parseInternal (61 bytes)
Event: 483.439 Thread 0x000002714be72800 nmethod 15045 0x00000271376ec310 code [0x00000271376ec580, 0x00000271376ecd38]
Event: 483.439 Thread 0x000002714be72800 15046       3       org.xml.sax.ext.DefaultHandler2::<init> (5 bytes)
Event: 483.439 Thread 0x000002714be72800 nmethod 15046 0x00000271376ed110 code [0x00000271376ed2c0, 0x00000271376ed478]
Event: 483.440 Thread 0x000002714be72800 15047       3       com.android.utils.PositionXmlParser$DomBuilder::closeUnfinishedElements (87 bytes)
Event: 483.440 Thread 0x000002714be72800 nmethod 15047 0x00000271376ed590 code [0x00000271376ed7e0, 0x00000271376edfc8]
Event: 483.480 Thread 0x000002714be71800 nmethod 14988 0x000002713d462810 code [0x000002713d462d60, 0x000002713d468678]
Event: 483.481 Thread 0x000002714be71800 15040       4       com.sun.org.apache.xerces.internal.impl.XMLEntityScanner::scanData (1158 bytes)
Event: 483.500 Thread 0x000002714be72800 15048       3       com.google.common.base.Splitter$SplittingIterator::<init> (39 bytes)
Event: 483.500 Thread 0x000002714be72800 nmethod 15048 0x00000271376ee210 code [0x00000271376ee3e0, 0x00000271376ee718]
Event: 483.502 Thread 0x000002714be71800 nmethod 15040 0x000002713d46af10 code [0x000002713d46b100, 0x000002713d46c1a8]
Event: 483.502 Thread 0x000002714be71800 14993   !   4       com.android.utils.PositionXmlParser$DomBuilder::startElement (272 bytes)
Event: 483.509 Thread 0x000002714be72800 15049       3       com.android.ide.common.resources.configuration.FolderConfiguration::getConfigFromQualifiers (336 bytes)
Event: 483.511 Thread 0x000002714be72800 nmethod 15049 0x00000271376ee810 code [0x00000271376eec80, 0x00000271376f0f58]
Event: 483.538 Thread 0x000002714be72800 15051       3       com.google.common.base.CharMatcher::matchesAllOf (37 bytes)
Event: 483.538 Thread 0x000002714be72800 nmethod 15051 0x00000271376f1990 code [0x00000271376f1b80, 0x00000271376f1fc8]
Event: 483.540 Thread 0x000002714be72800 15052   !   3       com.android.ide.common.resources.configuration.NetworkCodeQualifier::checkAndSet (60 bytes)
Event: 483.541 Thread 0x000002714be72800 nmethod 15052 0x00000271376f2110 code [0x00000271376f2340, 0x00000271376f2a58]

GC Heap History (20 events):
Event: 8.021 GC heap before
{Heap before GC invocations=13 (full 0):
 garbage-first heap   total 262144K, used 174453K [0x0000000080000000, 0x0000000100000000)
  region size 1024K, 98 young (100352K), 6 survivors (6144K)
 Metaspace       used 82173K, capacity 84228K, committed 84260K, reserved 1122304K
  class space    used 10497K, capacity 11259K, committed 11264K, reserved 1048576K
}
Event: 8.029 GC heap after
{Heap after GC invocations=14 (full 0):
 garbage-first heap   total 262144K, used 85359K [0x0000000080000000, 0x0000000100000000)
  region size 1024K, 11 young (11264K), 11 survivors (11264K)
 Metaspace       used 82173K, capacity 84228K, committed 84260K, reserved 1122304K
  class space    used 10497K, capacity 11259K, committed 11264K, reserved 1048576K
}
Event: 12.118 GC heap before
{Heap before GC invocations=14 (full 0):
 garbage-first heap   total 262144K, used 181615K [0x0000000080000000, 0x0000000100000000)
  region size 1024K, 106 young (108544K), 11 survivors (11264K)
 Metaspace       used 92723K, capacity 94952K, committed 95012K, reserved 1132544K
  class space    used 11738K, capacity 12523K, committed 12544K, reserved 1048576K
}
Event: 12.131 GC heap after
{Heap after GC invocations=15 (full 0):
 garbage-first heap   total 262144K, used 93669K [0x0000000080000000, 0x0000000100000000)
  region size 1024K, 14 young (14336K), 14 survivors (14336K)
 Metaspace       used 92723K, capacity 94952K, committed 95012K, reserved 1132544K
  class space    used 11738K, capacity 12523K, committed 12544K, reserved 1048576K
}
Event: 14.025 GC heap before
{Heap before GC invocations=15 (full 0):
 garbage-first heap   total 262144K, used 188901K [0x0000000080000000, 0x0000000100000000)
  region size 1024K, 108 young (110592K), 14 survivors (14336K)
 Metaspace       used 94739K, capacity 97193K, committed 97444K, reserved 1134592K
  class space    used 12020K, capacity 12917K, committed 12928K, reserved 1048576K
}
Event: 14.038 GC heap after
{Heap after GC invocations=16 (full 0):
 garbage-first heap   total 262144K, used 99581K [0x0000000080000000, 0x0000000100000000)
  region size 1024K, 7 young (7168K), 7 survivors (7168K)
 Metaspace       used 94739K, capacity 97193K, committed 97444K, reserved 1134592K
  class space    used 12020K, capacity 12917K, committed 12928K, reserved 1048576K
}
Event: 15.096 GC heap before
{Heap before GC invocations=16 (full 0):
 garbage-first heap   total 262144K, used 161021K [0x0000000080000000, 0x0000000100000000)
  region size 1024K, 69 young (70656K), 7 survivors (7168K)
 Metaspace       used 97581K, capacity 100138K, committed 100328K, reserved 1136640K
  class space    used 12360K, capacity 13296K, committed 13312K, reserved 1048576K
}
Event: 15.101 GC heap after
{Heap after GC invocations=17 (full 0):
 garbage-first heap   total 262144K, used 101235K [0x0000000080000000, 0x0000000100000000)
  region size 1024K, 8 young (8192K), 8 survivors (8192K)
 Metaspace       used 97581K, capacity 100138K, committed 100328K, reserved 1136640K
  class space    used 12360K, capacity 13296K, committed 13312K, reserved 1048576K
}
Event: 477.343 GC heap before
{Heap before GC invocations=18 (full 0):
 garbage-first heap   total 262144K, used 199539K [0x0000000080000000, 0x0000000100000000)
  region size 1024K, 105 young (107520K), 8 survivors (8192K)
 Metaspace       used 105070K, capacity 107970K, committed 108108K, reserved 1142784K
  class space    used 13174K, capacity 14207K, committed 14232K, reserved 1048576K
}
Event: 477.353 GC heap after
{Heap after GC invocations=19 (full 0):
 garbage-first heap   total 262144K, used 105922K [0x0000000080000000, 0x0000000100000000)
  region size 1024K, 9 young (9216K), 9 survivors (9216K)
 Metaspace       used 105070K, capacity 107970K, committed 108108K, reserved 1142784K
  class space    used 13174K, capacity 14207K, committed 14232K, reserved 1048576K
}
Event: 478.279 GC heap before
{Heap before GC invocations=20 (full 0):
 garbage-first heap   total 262144K, used 209346K [0x0000000080000000, 0x0000000100000000)
  region size 1024K, 105 young (107520K), 9 survivors (9216K)
 Metaspace       used 113229K, capacity 116303K, committed 116556K, reserved 1150976K
  class space    used 14169K, capacity 15233K, committed 15256K, reserved 1048576K
}
Event: 478.288 GC heap after
{Heap after GC invocations=21 (full 0):
 garbage-first heap   total 262144K, used 117733K [0x0000000080000000, 0x0000000100000000)
  region size 1024K, 13 young (13312K), 13 survivors (13312K)
 Metaspace       used 113229K, capacity 116303K, committed 116556K, reserved 1150976K
  class space    used 14169K, capacity 15233K, committed 15256K, reserved 1048576K
}
Event: 479.255 GC heap before
{Heap before GC invocations=21 (full 0):
 garbage-first heap   total 262144K, used 208869K [0x0000000080000000, 0x0000000100000000)
  region size 1024K, 102 young (104448K), 13 survivors (13312K)
 Metaspace       used 121052K, capacity 124492K, committed 124620K, reserved 1157120K
  class space    used 15396K, capacity 16623K, committed 16664K, reserved 1048576K
}
Event: 479.267 GC heap after
{Heap after GC invocations=22 (full 0):
 garbage-first heap   total 262144K, used 125819K [0x0000000080000000, 0x0000000100000000)
  region size 1024K, 9 young (9216K), 9 survivors (9216K)
 Metaspace       used 121052K, capacity 124492K, committed 124620K, reserved 1157120K
  class space    used 15396K, capacity 16623K, committed 16664K, reserved 1048576K
}
Event: 481.181 GC heap before
{Heap before GC invocations=22 (full 0):
 garbage-first heap   total 262144K, used 209787K [0x0000000080000000, 0x0000000100000000)
  region size 1024K, 92 young (94208K), 9 survivors (9216K)
 Metaspace       used 125375K, capacity 128997K, committed 129228K, reserved 1161216K
  class space    used 15995K, capacity 17297K, committed 17432K, reserved 1048576K
}
Event: 481.197 GC heap after
{Heap after GC invocations=23 (full 0):
 garbage-first heap   total 262144K, used 133476K [0x0000000080000000, 0x0000000100000000)
  region size 1024K, 8 young (8192K), 8 survivors (8192K)
 Metaspace       used 125375K, capacity 128997K, committed 129228K, reserved 1161216K
  class space    used 15995K, capacity 17297K, committed 17432K, reserved 1048576K
}
Event: 482.804 GC heap before
{Heap before GC invocations=23 (full 0):
 garbage-first heap   total 262144K, used 212324K [0x0000000080000000, 0x0000000100000000)
  region size 1024K, 86 young (88064K), 8 survivors (8192K)
 Metaspace       used 125937K, capacity 129626K, committed 129740K, reserved 1161216K
  class space    used 16025K, capacity 17365K, committed 17432K, reserved 1048576K
}
Event: 482.817 GC heap after
{Heap after GC invocations=24 (full 0):
 garbage-first heap   total 262144K, used 137448K [0x0000000080000000, 0x0000000100000000)
  region size 1024K, 5 young (5120K), 5 survivors (5120K)
 Metaspace       used 125937K, capacity 129626K, committed 129740K, reserved 1161216K
  class space    used 16025K, capacity 17365K, committed 17432K, reserved 1048576K
}
Event: 483.393 GC heap before
{Heap before GC invocations=25 (full 0):
 garbage-first heap   total 262144K, used 184552K [0x0000000080000000, 0x0000000100000000)
  region size 1024K, 53 young (54272K), 5 survivors (5120K)
 Metaspace       used 125868K, capacity 129446K, committed 129996K, reserved 1163264K
  class space    used 15952K, capacity 17235K, committed 17432K, reserved 1048576K
}
Event: 483.403 GC heap after
{Heap after GC invocations=26 (full 0):
 garbage-first heap   total 262144K, used 147357K [0x0000000080000000, 0x0000000100000000)
  region size 1024K, 11 young (11264K), 11 survivors (11264K)
 Metaspace       used 125868K, capacity 129446K, committed 129996K, reserved 1163264K
  class space    used 15952K, capacity 17235K, committed 17432K, reserved 1048576K
}

Deoptimization events (20 events):
Event: 483.136 Thread 0x00000271583ef800 DEOPT PACKING pc=0x000002713cd676c8 sp=0x000000b961bfa220
Event: 483.136 Thread 0x00000271583ef800 DEOPT UNPACKING pc=0x00000271350678af sp=0x000000b961bfa188 mode 2
Event: 483.382 Thread 0x00000271583ef800 DEOPT PACKING pc=0x00000271375d33e7 sp=0x000000b961bfa190
Event: 483.382 Thread 0x00000271583ef800 DEOPT UNPACKING pc=0x00000271350676ce sp=0x000000b961bf96b8 mode 0
Event: 483.405 Thread 0x00000271583ef800 Uncommon trap: trap_request=0xffffff4d fr.pc=0x000002713d44ce10 relative=0x0000000000000830
Event: 483.405 Thread 0x00000271583ef800 Uncommon trap: reason=unstable_if action=reinterpret pc=0x000002713d44ce10 method=com.sun.org.apache.xerces.internal.impl.XMLNSDocumentScannerImpl.scanAttribute(Lcom/sun/org/apache/xerces/internal/util/XMLAttributesImpl;)V @ 155 c2
Event: 483.405 Thread 0x00000271583ef800 DEOPT PACKING pc=0x000002713d44ce10 sp=0x000000b961bfa260
Event: 483.405 Thread 0x00000271583ef800 DEOPT UNPACKING pc=0x00000271350678af sp=0x000000b961bfa1f8 mode 2
Event: 483.414 Thread 0x00000271583ef800 DEOPT PACKING pc=0x00000271375d33e7 sp=0x000000b961bfa190
Event: 483.414 Thread 0x00000271583ef800 DEOPT UNPACKING pc=0x00000271350676ce sp=0x000000b961bf96b8 mode 0
Event: 483.414 Thread 0x00000271583ef800 DEOPT PACKING pc=0x00000271375d33e7 sp=0x000000b961bfa190
Event: 483.414 Thread 0x00000271583ef800 DEOPT UNPACKING pc=0x00000271350676ce sp=0x000000b961bf96b8 mode 0
Event: 483.415 Thread 0x00000271583ef800 DEOPT PACKING pc=0x00000271375d33e7 sp=0x000000b961bfa190
Event: 483.415 Thread 0x00000271583ef800 DEOPT UNPACKING pc=0x00000271350676ce sp=0x000000b961bf96b8 mode 0
Event: 483.416 Thread 0x00000271583ef800 DEOPT PACKING pc=0x00000271375d33e7 sp=0x000000b961bfa190
Event: 483.416 Thread 0x00000271583ef800 DEOPT UNPACKING pc=0x00000271350676ce sp=0x000000b961bf96b8 mode 0
Event: 483.416 Thread 0x00000271583ef800 DEOPT PACKING pc=0x00000271375d33e7 sp=0x000000b961bfa190
Event: 483.416 Thread 0x00000271583ef800 DEOPT UNPACKING pc=0x00000271350676ce sp=0x000000b961bf96b8 mode 0
Event: 483.417 Thread 0x00000271583ef800 DEOPT PACKING pc=0x00000271375d33e7 sp=0x000000b961bfa190
Event: 483.417 Thread 0x00000271583ef800 DEOPT UNPACKING pc=0x00000271350676ce sp=0x000000b961bf96b8 mode 0

Classes redefined (0 events):
No events

Internal exceptions (20 events):
Event: 480.519 Thread 0x00000271522db000 Exception <a 'java/lang/NoSuchMethodError'{0x000000008bd7b940}: 'long java.lang.invoke.DirectMethodHandle$Holder.invokeStatic(java.lang.Object, java.lang.Object)'> (0x000000008bd7b940) thrown at [./src/hotspot/share/interpreter/linkResolver.cpp, line 773]
Event: 480.623 Thread 0x00000271583ef800 Exception <a 'sun/nio/fs/WindowsException'{0x000000008b8b4928}> (0x000000008b8b4928) thrown at [./src/hotspot/share/prims/jni.cpp, line 615]
Event: 480.624 Thread 0x00000271583ef800 Exception <a 'sun/nio/fs/WindowsException'{0x000000008b8b5518}> (0x000000008b8b5518) thrown at [./src/hotspot/share/prims/jni.cpp, line 615]
Event: 480.769 Thread 0x00000271583ef800 Exception <a 'sun/nio/fs/WindowsException'{0x000000008b4d1f60}> (0x000000008b4d1f60) thrown at [./src/hotspot/share/prims/jni.cpp, line 615]
Event: 480.783 Thread 0x00000271583ef800 Exception <a 'sun/nio/fs/WindowsException'{0x000000008b4d5960}> (0x000000008b4d5960) thrown at [./src/hotspot/share/prims/jni.cpp, line 615]
Event: 480.786 Thread 0x00000271583ef800 Exception <a 'sun/nio/fs/WindowsException'{0x000000008b4d7670}> (0x000000008b4d7670) thrown at [./src/hotspot/share/prims/jni.cpp, line 615]
Event: 480.789 Thread 0x00000271583ef800 Exception <a 'sun/nio/fs/WindowsException'{0x000000008b4d7c50}> (0x000000008b4d7c50) thrown at [./src/hotspot/share/prims/jni.cpp, line 615]
Event: 480.790 Thread 0x00000271583ef800 Exception <a 'sun/nio/fs/WindowsException'{0x000000008b4d9630}> (0x000000008b4d9630) thrown at [./src/hotspot/share/prims/jni.cpp, line 615]
Event: 480.796 Thread 0x00000271583ef800 Exception <a 'sun/nio/fs/WindowsException'{0x000000008b4d9bd0}> (0x000000008b4d9bd0) thrown at [./src/hotspot/share/prims/jni.cpp, line 615]
Event: 480.796 Thread 0x00000271583ef800 Exception <a 'sun/nio/fs/WindowsException'{0x000000008b4db568}> (0x000000008b4db568) thrown at [./src/hotspot/share/prims/jni.cpp, line 615]
Event: 480.846 Thread 0x00000271583ef800 Exception <a 'sun/nio/fs/WindowsException'{0x000000008b4dbb20}> (0x000000008b4dbb20) thrown at [./src/hotspot/share/prims/jni.cpp, line 615]
Event: 480.847 Thread 0x00000271583ef800 Exception <a 'sun/nio/fs/WindowsException'{0x000000008b4dd4b8}> (0x000000008b4dd4b8) thrown at [./src/hotspot/share/prims/jni.cpp, line 615]
Event: 480.854 Thread 0x00000271583ef800 Exception <a 'sun/nio/fs/WindowsException'{0x000000008b4dda70}> (0x000000008b4dda70) thrown at [./src/hotspot/share/prims/jni.cpp, line 615]
Event: 480.855 Thread 0x00000271583ef800 Exception <a 'sun/nio/fs/WindowsException'{0x000000008b4df3b8}> (0x000000008b4df3b8) thrown at [./src/hotspot/share/prims/jni.cpp, line 615]
Event: 480.860 Thread 0x00000271583ef800 Exception <a 'sun/nio/fs/WindowsException'{0x000000008b4df930}> (0x000000008b4df930) thrown at [./src/hotspot/share/prims/jni.cpp, line 615]
Event: 480.861 Thread 0x00000271583ef800 Exception <a 'sun/nio/fs/WindowsException'{0x000000008b4e14f0}> (0x000000008b4e14f0) thrown at [./src/hotspot/share/prims/jni.cpp, line 615]
Event: 480.867 Thread 0x00000271583ef800 Exception <a 'sun/nio/fs/WindowsException'{0x000000008b4e1aa8}> (0x000000008b4e1aa8) thrown at [./src/hotspot/share/prims/jni.cpp, line 615]
Event: 482.332 Thread 0x000002714eb1c800 Exception <a 'sun/nio/fs/WindowsException'{0x000000008ca72780}> (0x000000008ca72780) thrown at [./src/hotspot/share/prims/jni.cpp, line 615]
Event: 482.336 Thread 0x000002714eb1c800 Exception <a 'sun/nio/fs/WindowsException'{0x000000008ca9dd28}> (0x000000008ca9dd28) thrown at [./src/hotspot/share/prims/jni.cpp, line 615]
Event: 482.410 Thread 0x000002714eb1c800 Exception <a 'sun/nio/fs/WindowsException'{0x000000008ca9f530}> (0x000000008ca9f530) thrown at [./src/hotspot/share/prims/jni.cpp, line 615]

Events (20 events):
Event: 482.922 Executing VM operation: RevokeBias
Event: 482.922 Executing VM operation: RevokeBias done
Event: 482.922 Executing VM operation: RevokeBias
Event: 482.923 Executing VM operation: RevokeBias done
Event: 482.923 Executing VM operation: RevokeBias
Event: 482.923 Executing VM operation: RevokeBias done
Event: 482.923 Executing VM operation: RevokeBias
Event: 482.923 Executing VM operation: RevokeBias done
Event: 482.924 Executing VM operation: RevokeBias
Event: 482.924 Executing VM operation: RevokeBias done
Event: 482.926 Executing VM operation: RevokeBias
Event: 482.927 Executing VM operation: RevokeBias done
Event: 482.954 Executing VM operation: CGC_Operation
Event: 482.954 Executing VM operation: CGC_Operation done
Event: 483.392 Executing VM operation: G1CollectForAllocation
Event: 483.403 Executing VM operation: G1CollectForAllocation done
Event: 483.484 Executing VM operation: CGC_Operation
Event: 483.493 Executing VM operation: CGC_Operation done
Event: 483.536 Executing VM operation: CGC_Operation
Event: 483.537 Executing VM operation: CGC_Operation done


Dynamic libraries:
0x00007ff64a330000 - 0x00007ff64a33a000 	C:\Program Files\Android\Android Studio\jre\bin\java.exe
0x00007ffea18d0000 - 0x00007ffea1ac7000 	C:\WINDOWS\SYSTEM32\ntdll.dll
0x00007ffe9fa00000 - 0x00007ffe9fabd000 	C:\WINDOWS\System32\KERNEL32.DLL
0x00007ffe9f660000 - 0x00007ffe9f92d000 	C:\WINDOWS\System32\KERNELBASE.dll
0x00007ffe9eff0000 - 0x00007ffe9f0f0000 	C:\WINDOWS\System32\ucrtbase.dll
0x00007ffe95a10000 - 0x00007ffe95a29000 	C:\Program Files\Android\Android Studio\jre\bin\jli.dll
0x00007ffe94570000 - 0x00007ffe94587000 	C:\Program Files\Android\Android Studio\jre\bin\VCRUNTIME140.dll
0x00007ffea16f0000 - 0x00007ffea1890000 	C:\WINDOWS\System32\USER32.dll
0x00007ffe9f3f0000 - 0x00007ffe9f412000 	C:\WINDOWS\System32\win32u.dll
0x00007ffea0c00000 - 0x00007ffea0c2a000 	C:\WINDOWS\System32\GDI32.dll
0x00007ffe9f180000 - 0x00007ffe9f28b000 	C:\WINDOWS\System32\gdi32full.dll
0x00007ffe9f590000 - 0x00007ffe9f62d000 	C:\WINDOWS\System32\msvcp_win.dll
0x00007ffe8af40000 - 0x00007ffe8b1da000 	C:\WINDOWS\WinSxS\amd64_microsoft.windows.common-controls_6595b64144ccf1df_6.0.19041.1110_none_60b5254171f9507e\COMCTL32.dll
0x00007ffe9fd40000 - 0x00007ffe9fdde000 	C:\WINDOWS\System32\msvcrt.dll
0x00007ffe9fb20000 - 0x00007ffe9fb50000 	C:\WINDOWS\System32\IMM32.DLL
0x00007ffe537f0000 - 0x00007ffe5388d000 	C:\Program Files\Android\Android Studio\jre\bin\msvcp140.dll
0x00007ffe24c80000 - 0x00007ffe2574f000 	C:\Program Files\Android\Android Studio\jre\bin\server\jvm.dll
0x00007ffea0a20000 - 0x00007ffea0ace000 	C:\WINDOWS\System32\ADVAPI32.dll
0x00007ffea0b30000 - 0x00007ffea0bcc000 	C:\WINDOWS\System32\sechost.dll
0x00007ffe9fb50000 - 0x00007ffe9fc75000 	C:\WINDOWS\System32\RPCRT4.dll
0x00007ffe9fd30000 - 0x00007ffe9fd38000 	C:\WINDOWS\System32\PSAPI.DLL
0x00007ffe9af50000 - 0x00007ffe9af59000 	C:\WINDOWS\SYSTEM32\WSOCK32.dll
0x00007ffe94ad0000 - 0x00007ffe94af7000 	C:\WINDOWS\SYSTEM32\WINMM.dll
0x00007ffe97880000 - 0x00007ffe9788a000 	C:\WINDOWS\SYSTEM32\VERSION.dll
0x00007ffe9fde0000 - 0x00007ffe9fe4b000 	C:\WINDOWS\System32\WS2_32.dll
0x00007ffe9ce30000 - 0x00007ffe9ce42000 	C:\WINDOWS\SYSTEM32\kernel.appcore.dll
0x00007ffe95150000 - 0x00007ffe95161000 	C:\Program Files\Android\Android Studio\jre\bin\verify.dll
0x00007ffe884b0000 - 0x00007ffe88694000 	C:\WINDOWS\SYSTEM32\DBGHELP.DLL
0x00007ffe88450000 - 0x00007ffe8847c000 	C:\WINDOWS\SYSTEM32\dbgcore.DLL
0x00007ffe9f0f0000 - 0x00007ffe9f172000 	C:\WINDOWS\System32\bcryptPrimitives.dll
0x00007ffe8a9b0000 - 0x00007ffe8a9d9000 	C:\Program Files\Android\Android Studio\jre\bin\java.dll
0x00007ffe9acd0000 - 0x00007ffe9acdb000 	C:\Program Files\Android\Android Studio\jre\bin\jimage.dll
0x00007ffe94590000 - 0x00007ffe945a8000 	C:\Program Files\Android\Android Studio\jre\bin\zip.dll
0x00007ffea0d50000 - 0x00007ffea1494000 	C:\WINDOWS\System32\SHELL32.dll
0x00007ffe9d110000 - 0x00007ffe9d8a4000 	C:\WINDOWS\SYSTEM32\windows.storage.dll
0x00007ffe9ff60000 - 0x00007ffea02b4000 	C:\WINDOWS\System32\combase.dll
0x00007ffe9ea50000 - 0x00007ffe9ea7c000 	C:\WINDOWS\SYSTEM32\Wldp.dll
0x00007ffea0c30000 - 0x00007ffea0cdd000 	C:\WINDOWS\System32\SHCORE.dll
0x00007ffe9fac0000 - 0x00007ffe9fb15000 	C:\WINDOWS\System32\shlwapi.dll
0x00007ffe9ef30000 - 0x00007ffe9ef4f000 	C:\WINDOWS\SYSTEM32\profapi.dll
0x00007ffe8bac0000 - 0x00007ffe8bada000 	C:\Program Files\Android\Android Studio\jre\bin\net.dll
0x00007ffe93230000 - 0x00007ffe9333a000 	C:\WINDOWS\SYSTEM32\WINHTTP.dll
0x00007ffe9e7b0000 - 0x00007ffe9e81a000 	C:\WINDOWS\system32\mswsock.dll
0x00007ffe8ba60000 - 0x00007ffe8ba74000 	C:\Program Files\Android\Android Studio\jre\bin\nio.dll
0x00007ffe94860000 - 0x00007ffe94887000 	C:\Users\USER\.gradle\native\fdc75f09e3144964f2cf3f50f0aa648679c211496f362492102eb8c894070792\windows-amd64\native-platform.dll
0x00007ffe525e0000 - 0x00007ffe52776000 	C:\Users\USER\.gradle\native\12488b8bf47d2d4c9fbf2f6322a914ad602e24e48041cd04a747c6da556b65c4\windows-amd64\native-platform-file-events.dll
0x00007ffe94490000 - 0x00007ffe9449a000 	C:\Program Files\Android\Android Studio\jre\bin\management.dll
0x00007ffe93ce0000 - 0x00007ffe93cec000 	C:\Program Files\Android\Android Studio\jre\bin\management_ext.dll
0x00007ffe9e9a0000 - 0x00007ffe9e9b8000 	C:\WINDOWS\SYSTEM32\CRYPTSP.dll
0x00007ffe9e0c0000 - 0x00007ffe9e0f4000 	C:\WINDOWS\system32\rsaenh.dll
0x00007ffe9f630000 - 0x00007ffe9f657000 	C:\WINDOWS\System32\bcrypt.dll
0x00007ffe9eef0000 - 0x00007ffe9ef1e000 	C:\WINDOWS\SYSTEM32\USERENV.dll
0x00007ffe9e9c0000 - 0x00007ffe9e9cc000 	C:\WINDOWS\SYSTEM32\CRYPTBASE.dll
0x00007ffe9e450000 - 0x00007ffe9e48b000 	C:\WINDOWS\SYSTEM32\IPHLPAPI.DLL
0x00007ffea0d40000 - 0x00007ffea0d48000 	C:\WINDOWS\System32\NSI.dll
0x00007ffe95740000 - 0x00007ffe95757000 	C:\WINDOWS\SYSTEM32\dhcpcsvc6.DLL
0x00007ffe96950000 - 0x00007ffe9696d000 	C:\WINDOWS\SYSTEM32\dhcpcsvc.DLL
0x00007ffe9e490000 - 0x00007ffe9e55b000 	C:\WINDOWS\SYSTEM32\DNSAPI.dll
0x00007ffe97810000 - 0x00007ffe9781b000 	C:\WINDOWS\SYSTEM32\WINNSI.DLL
0x00007ffe78510000 - 0x00007ffe78537000 	C:\Program Files\Android\Android Studio\jre\bin\sunec.dll
0x00007ffe97890000 - 0x00007ffe9789a000 	C:\Windows\System32\rasadhlp.dll
0x00007ffe8a6d0000 - 0x00007ffe8a750000 	C:\WINDOWS\System32\fwpuclnt.dll
0x00007ffe9dcf0000 - 0x00007ffe9dd23000 	C:\WINDOWS\SYSTEM32\ntmarta.dll

dbghelp: loaded successfully - version: 4.0.5 - missing functions: none
symbol engine: initialized successfully - sym options: 0x614 - pdb path: .;C:\Program Files\Android\Android Studio\jre\bin;C:\WINDOWS\SYSTEM32;C:\WINDOWS\WinSxS\amd64_microsoft.windows.common-controls_6595b64144ccf1df_6.0.19041.1110_none_60b5254171f9507e;C:\Program Files\Android\Android Studio\jre\bin\server;C:\Users\USER\.gradle\native\fdc75f09e3144964f2cf3f50f0aa648679c211496f362492102eb8c894070792\windows-amd64;C:\Users\USER\.gradle\native\12488b8bf47d2d4c9fbf2f6322a914ad602e24e48041cd04a747c6da556b65c4\windows-amd64

VM Arguments:
jvm_args: --add-opens=java.base/java.util=ALL-UNNAMED --add-opens=java.base/java.lang=ALL-UNNAMED --add-opens=java.base/java.lang.invoke=ALL-UNNAMED --add-opens=java.prefs/java.util.prefs=ALL-UNNAMED -Xmx2048m -Dfile.encoding=UTF-8 -Duser.country=KR -Duser.language=ko -Duser.variant 
java_command: org.gradle.launcher.daemon.bootstrap.GradleDaemon 6.7.1
java_class_path (initial): C:\Users\USER\.gradle\wrapper\dists\gradle-6.7.1-bin\bwlcbys1h7rz3272sye1xwiv6\gradle-6.7.1\lib\gradle-launcher-6.7.1.jar
Launcher Type: SUN_STANDARD

[Global flags]
     intx CICompilerCount                          = 3                                         {product} {ergonomic}
     uint ConcGCThreads                            = 2                                         {product} {ergonomic}
     uint G1ConcRefinementThreads                  = 6                                         {product} {ergonomic}
   size_t G1HeapRegionSize                         = 1048576                                   {product} {ergonomic}
    uintx GCDrainStackTargetSize                   = 64                                        {product} {ergonomic}
   size_t InitialHeapSize                          = 268435456                                 {product} {ergonomic}
   size_t MarkStackSize                            = 4194304                                   {product} {ergonomic}
   size_t MaxHeapSize                              = 2147483648                                {product} {command line}
   size_t MaxNewSize                               = 1287651328                                {product} {ergonomic}
   size_t MinHeapDeltaBytes                        = 1048576                                   {product} {ergonomic}
    uintx NonNMethodCodeHeapSize                   = 5830732                                {pd product} {ergonomic}
    uintx NonProfiledCodeHeapSize                  = 122913754                              {pd product} {ergonomic}
    uintx ProfiledCodeHeapSize                     = 122913754                              {pd product} {ergonomic}
    uintx ReservedCodeCacheSize                    = 251658240                              {pd product} {ergonomic}
     bool SegmentedCodeCache                       = true                                      {product} {ergonomic}
     bool UseCompressedClassPointers               = true                                 {lp64_product} {ergonomic}
     bool UseCompressedOops                        = true                                 {lp64_product} {ergonomic}
     bool UseG1GC                                  = true                                      {product} {ergonomic}
     bool UseLargePagesIndividualAllocation        = false                                  {pd product} {ergonomic}

Logging:
Log output configuration:
 #0: stdout all=warning uptime,level,tags
 #1: stderr all=off uptime,level,tags

Environment Variables:
PATH=C:\Program Files\NVIDIA GPU Computing Toolkit\CUDA\v9.0\bin;C:\Program Files\NVIDIA GPU Computing Toolkit\CUDA\v9.0\libnvvp;C:\ProgramData\Anaconda3;C:\ProgramData\Anaconda3\Library\mingw-w64\bin;C:\ProgramData\Anaconda3\Library\usr\bin;C:\ProgramData\Anaconda3\Library\bin;C:\ProgramData\Anaconda3\Scripts;C:\WINDOWS\system32;C:\WINDOWS;C:\WINDOWS\System32\Wbem;C:\WINDOWS\System32\WindowsPowerShell\v1.0\;C:\Program Files\Java\jdk-15.0.1\bin;C:\WINDOWS\System32\OpenSSH\;C:\Program Files\dotnet\;C:\Program Files\Microsoft SQL Server\130\Tools\Binn\;C:\Program Files\Microsoft SQL Server\Client SDK\ODBC\170\Tools\Binn\;C:\Program Files (x86)\Windows Live\Shared;C:\WINDOWS\System32\WindowsPowerShell\v1.0\;C:\Program Files (x86)\NVIDIA Corporation\PhysX\Common;%JAVA_HOME%\bin\;C:\Program Files\Git\cmd;C:\Program Files (x86)\ePapyrus\Papyrus-PlugIn-web;C:\Program Files (x86)\ePapyrus\Papyrus-PlugIn-web\Addins;C:\Program Files\MySQL\MySQL Shell 8.0\bin\;C:\Users\USER\AppData\Local\Microsoft\WindowsApps;C:\Program Files\Bandizip\;C:\Program Files\Java\jdk-13.0.1\bin;C:\Program Files (x86)\SoftForum\XecureHSM\;C:\Users\USER\AppData\Local\GitHubDesktop\bin;C:\Users\USER\AppData\Local\Microsoft\WindowsApps;C:\Users\USER\AppData\Local\Programs\Microsoft VS Code\bin;C:\Program Files\JetBrains\PyCharm Community Edition 2021.1.3\bin;;C:\Program Files\mingw64\bin;C:\Program Files (x86)\GnuWin32\bin;C:\cygwin64\bin;C:\Program Files (x86)\Nmap
USERNAME=USER
OS=Windows_NT
PROCESSOR_IDENTIFIER=Intel64 Family 6 Model 158 Stepping 10, GenuineIntel



---------------  S Y S T E M  ---------------

OS: Windows 10 , 64 bit Build 19041 (10.0.19041.1741)
OS uptime: 12 days 2:19 hours

CPU:total 6 (initial active 6) (6 cores per cpu, 1 threads per core) family 6 model 158 stepping 10 microcode 0xb4, cmov, cx8, fxsr, mmx, sse, sse2, sse3, ssse3, sse4.1, sse4.2, popcnt, avx, avx2, aes, clmul, erms, 3dnowpref, lzcnt, tsc, tscinvbit, bmi1, bmi2, adx, fma

Memory: 4k page, system-wide physical 16317M (3051M free)
TotalPageFile size 16317M (AvailPageFile size 13M)
current process WorkingSet (physical memory assigned to process): 591M, peak: 595M
current process commit charge ("private bytes"): 628M, peak: 632M

vm_info: OpenJDK 64-Bit Server VM (11.0.10+0-b96-7249189) for windows-amd64 JRE (11.0.10+0-b96-7249189), built on Mar 31 2021 21:44:00 by "builder" with MS VC++ 14.0 (VS2015)

END.
